7.4741 	INFO 	Loaded monitor calibration from ['2024_08_09 13:47']
7.4863 	WARNING 	User requested fullscreen with size [1920 1080], but screen is actually [1440, 900]. Using actual size
7.7586 	EXP 	Created window1 = Window(allowGUI=True, allowStencil=False, autoLog=True, backendConf=UNKNOWN, backgroundFit=<method-wrapper '__getattribute__' of attributeSetter object at 0x7fee3d09b0a0>, backgroundImage=<method-wrapper '__getattribute__' of attributeSetter object at 0x7fee3d09b040>, bitsMode=UNKNOWN, blendMode='avg', bpc=(8, 8, 8), color=array([0, 0, 0]), colorSpace='rgb', depthBits=8, fullscr=<method-wrapper '__getattribute__' of attributeSetter object at 0x7fee3cf20b80>, gamma=None, gammaErrorPolicy='raise', infoMsg=UNKNOWN, lms=UNKNOWN, monitor=<psychopy.monitors.calibTools.Monitor object at 0x7fee2b2932e0>, multiSample=False, name='window1', numSamples=2, pos=[360.0, 225.0], screen=0, size=array([2880, 1800]), stencilBits=0, stereo=False, title='PsychoPy', units='height', useFBO=True, useRetina=True, viewOri=0.0, viewPos=None, viewScale=None, waitBlanking=True, winType='pyglet')
7.7586 	EXP 	window1: backgroundImage = ''
7.7586 	EXP 	window1: backgroundFit = 'none'
7.7589 	EXP 	window1: mouseVisible = <method-wrapper '__getattribute__' of attributeSetter object at 0x7fee3d09b220>
7.7593 	EXP 	window1: mouseVisible = <method-wrapper '__getattribute__' of attributeSetter object at 0x7fee3d09b220>
7.7626 	EXP 	window1: mouseVisible = <method-wrapper '__getattribute__' of attributeSetter object at 0x7fee3d09b220>
7.7634 	EXP 	window1: mouseVisible = <method-wrapper '__getattribute__' of attributeSetter object at 0x7fee3d09b220>
7.8152 	EXP 	window1: mouseVisible = <method-wrapper '__getattribute__' of attributeSetter object at 0x7fee3d09b220>
7.8154 	EXP 	window1: mouseVisible = <method-wrapper '__getattribute__' of attributeSetter object at 0x7fee3d09b220>
7.8163 	EXP 	window1: mouseVisible = <method-wrapper '__getattribute__' of attributeSetter object at 0x7fee3d09b220>
7.8171 	EXP 	window1: mouseVisible = <method-wrapper '__getattribute__' of attributeSetter object at 0x7fee3d09b220>
7.8391 	EXP 	window1: Attempting to measure frame rate of screen (0) ...
7.8391 	EXP 	window1: recordFrameIntervals = False
8.1074 	EXP 	window1: recordFrameIntervals = True
8.5583 	EXP 	Screen (0) actual frame rate measured at 120.12Hz
8.5583 	EXP 	window1: recordFrameIntervals = False
8.5600 	EXP 	window1: mouseVisible = False
11.6759 	INFO 	keyboard.Keyboard is using iohub backend.
11.6760 	INFO 	keyboard.Keyboard is using iohub backend.
11.6770 	INFO 	keyboard.Keyboard is using iohub backend.
11.6770 	EXP 	experiment: status = STARTED
11.6776 	EXP 	window1: mouseVisible = False
11.7309 	EXP 	Created text_norm = TextStim(__class__=<class 'psychopy.visual.text.TextStim'>, alignHoriz=method-wrapper(...), alignText='center', alignVert=method-wrapper(...), anchorHoriz='center', anchorVert='center', antialias=True, autoDraw=False, autoLog=True, bold=False, color=array([1., 1., 1.]), colorSpace='rgb', contrast=1.0, depth=0.0, draggable=False, flipHoriz=False, flipVert=False, font='Arial', fontFiles=[], height=0.1, italic=False, languageStyle='LTR', name='text_norm', opacity=1.0, ori=0.0, pos=array([0., 0.]), rgb=UNKNOWN, text=str(...), units='norm', win=Window(...), wrapWidth=1.8)
11.7975 	EXP 	Sound sound_1 set volume 1.000
11.7977 	EXP 	window1: mouseVisible = False
11.8192 	EXP 	Created image = ImageStim(__class__=<class 'psychopy.visual.image.ImageStim'>, anchor=('center', 'center'), autoLog=True, color=array([1., 1., 1.]), colorSpace='rgb', contrast=1.0, depth=-2.0, draggable=False, flipHoriz=False, flipVert=False, image='response.PNG', interpolate=True, mask=None, maskParams=None, name='image', opacity=1.0, ori=0.0, pos=array([0., 0.]), size=array([1.2, 0.7]), texRes=128.0, units='height', win=Window(...))
0.0140 	EXP 	text_norm: alignText = 'left'
0.0307 	INFO 	Keyboard events cleared
0.0303 	EXP 	text_norm: autoDraw = True
0.0303 	EXP 	text_norm: height = 0.1
0.0303 	EXP 	text_norm: height = 0.1
0.0303 	EXP 	text_norm: height = 0.1
0.0303 	EXP 	text_norm: text = 'Welcome to the experiment.\n\nPress the spacebar to continue'
1.5086 	EXP 	Created sequence: random, trialTypes=1, nReps=5, seed=None
1.5089 	EXP 	New trial (rep=0, index=0): None
1.5151 	EXP 	Sound sound_1 started
1.5265 	DATA 	Keypress: space
1.5335 	EXP 	text_norm: autoDraw = False
1.9860 	EXP 	Sound sound_1 reached end of file
1.9861 	EXP 	Sound sound_1 reached end of file
2.0023 	INFO 	Keyboard events cleared
2.0019 	EXP 	image: autoDraw = True
30.9449 	DATA 	Keypress: escape
30.9536 	EXP 	experiment: status = STOPPED
30.9654 	EXP 	image: autoDraw = False
30.9655 	EXP 	experiment: status = STOPPED
30.9675 	INFO 	saved data to '/Users/pushkarsingh/Documents/01 University/01 Ratnam Lab /HRTF Cue/data/199234_experiment_2024-11-08_10h17.43.608.csv'
30.9681 	INFO 	saved data to /Users/pushkarsingh/Documents/01 University/01 Ratnam Lab /HRTF Cue/data/199234_experiment_2024-11-08_10h17.43.608.psydat
30.9873 	EXP 	window1: mouseVisible = True
