18.2633 	INFO 	Loaded monitor calibration from ['2024_08_09 13:47']
18.6348 	EXP 	Created window1 = Window(allowGUI=True, allowStencil=False, autoLog=True, backendConf=UNKNOWN, backgroundFit=<method-wrapper '__getattribute__' of attributeSetter object at 0x7fe41a8843a0>, backgroundImage=<method-wrapper '__getattribute__' of attributeSetter object at 0x7fe41a884340>, bitsMode=UNKNOWN, blendMode='avg', bpc=(8, 8, 8), color=array([-1., -1., -1.]), colorSpace='rgb', depthBits=8, fullscr=<method-wrapper '__getattribute__' of attributeSetter object at 0x7fe41a884190>, gamma=None, gammaErrorPolicy='raise', infoMsg=UNKNOWN, lms=UNKNOWN, monitor=<psychopy.monitors.calibTools.Monitor object at 0x7fe40c347d00>, multiSample=False, name='window1', numSamples=2, pos=[360.0, 225.0], screen=0, size=array([2880, 1800]), stencilBits=0, stereo=False, title='PsychoPy', units='height', useFBO=True, useRetina=True, viewOri=0.0, viewPos=None, viewScale=None, waitBlanking=True, winType='pyglet')
18.6348 	EXP 	window1: backgroundImage = ''
18.6348 	EXP 	window1: backgroundFit = 'none'
18.6351 	EXP 	window1: mouseVisible = <method-wrapper '__getattribute__' of attributeSetter object at 0x7fe41a8844c0>
18.6355 	EXP 	window1: mouseVisible = <method-wrapper '__getattribute__' of attributeSetter object at 0x7fe41a8844c0>
18.6391 	EXP 	window1: mouseVisible = <method-wrapper '__getattribute__' of attributeSetter object at 0x7fe41a8844c0>
18.6400 	EXP 	window1: mouseVisible = <method-wrapper '__getattribute__' of attributeSetter object at 0x7fe41a8844c0>
18.6980 	EXP 	window1: mouseVisible = <method-wrapper '__getattribute__' of attributeSetter object at 0x7fe41a8844c0>
18.6982 	EXP 	window1: mouseVisible = <method-wrapper '__getattribute__' of attributeSetter object at 0x7fe41a8844c0>
18.6991 	EXP 	window1: mouseVisible = <method-wrapper '__getattribute__' of attributeSetter object at 0x7fe41a8844c0>
18.6999 	EXP 	window1: mouseVisible = <method-wrapper '__getattribute__' of attributeSetter object at 0x7fe41a8844c0>
18.7205 	EXP 	window1: Attempting to measure frame rate of screen (0) ...
18.7205 	EXP 	window1: recordFrameIntervals = False
18.9492 	EXP 	window1: recordFrameIntervals = True
19.1325 	EXP 	Screen (0) actual frame rate measured at 121.46Hz
19.1325 	EXP 	window1: recordFrameIntervals = False
19.1344 	EXP 	window1: mouseVisible = False
22.7721 	INFO 	keyboard.Keyboard is using iohub backend.
22.7722 	INFO 	keyboard.Keyboard is using iohub backend.
22.7736 	INFO 	keyboard.Keyboard is using iohub backend.
22.7737 	INFO 	keyboard.Keyboard is using iohub backend.
22.7738 	INFO 	keyboard.Keyboard is using iohub backend.
22.7740 	INFO 	keyboard.Keyboard is using iohub backend.
22.7740 	EXP 	experiment: status = STARTED
22.7754 	EXP 	window1: mouseVisible = False
22.8421 	EXP 	Created text_norm = TextStim(__class__=<class 'psychopy.visual.text.TextStim'>, alignHoriz=method-wrapper(...), alignText='center', alignVert=method-wrapper(...), anchorHoriz='center', anchorVert='center', antialias=True, autoDraw=False, autoLog=True, bold=False, color=array([1., 1., 1.]), colorSpace='rgb', contrast=1.0, depth=0.0, draggable=False, flipHoriz=False, flipVert=False, font='Arial', fontFiles=[], height=0.1, italic=False, languageStyle='LTR', name='text_norm', opacity=1.0, ori=0.0, pos=array([0., 0.]), rgb=UNKNOWN, text=str(...), units='norm', win=Window(...), wrapWidth=1.8)
22.8424 	EXP 	window1: mouseVisible = False
22.8470 	EXP 	Created fixation = ShapeStim(__class__=<class 'psychopy.visual.shape.ShapeStim'>, anchor=('center', 'center'), autoDraw=False, autoLog=True, closeShape=True, color=method-wrapper(...), colorSpace='rgb', contrast=None, depth=-1.0, draggable=False, fillColor=array([1, 1, 1]), fillColorSpace='rgb', fillRGB=array([1, 1, 1]), interpolate=True, lineColor=array([1., 1., 1.]), lineColorSpace='rgb', lineRGB=array([1, 1, 1]), lineWidth=1.0, name='fixation', opacity=1.0, ori=0.0, pos=array([0., 0.]), size=array([0.05, 0.05]), units='height', vertices=ndarray(...), win=Window(...), windingRule=None)
23.0052 	EXP 	Sound sound_1 set volume 1.000
23.0055 	EXP 	window1: mouseVisible = False
23.0657 	EXP 	Created image = ImageStim(__class__=<class 'psychopy.visual.image.ImageStim'>, anchor=('center', 'center'), autoLog=True, color=array([1., 1., 1.]), colorSpace='rgb', contrast=1.0, depth=-3.0, draggable=False, flipHoriz=False, flipVert=False, image='response.png', interpolate=True, mask=None, maskParams=None, name='image', opacity=1.0, ori=0.0, pos=array([0., 0.]), size=array([1.5, 0.6]), texRes=128.0, units='height', win=Window(...))
23.0659 	EXP 	window1: mouseVisible = False
23.0855 	EXP 	Created text = TextStim(__class__=<class 'psychopy.visual.text.TextStim'>, alignHoriz=method-wrapper(...), alignText='center', alignVert=method-wrapper(...), anchorHoriz='center', anchorVert='center', antialias=True, autoDraw=False, autoLog=True, bold=False, color=array([1., 1., 1.]), colorSpace='rgb', contrast=1.0, depth=0.0, draggable=False, flipHoriz=False, flipVert=False, font='Arial', fontFiles=[], height=0.05, italic=False, languageStyle='LTR', name='text', opacity=1.0, ori=0.0, pos=array([0., 0.]), rgb=UNKNOWN, text=str(...), units='height', win=Window(...), wrapWidth=1)
23.0856 	EXP 	window1: mouseVisible = False
23.0896 	EXP 	Created fixation_2 = ShapeStim(__class__=<class 'psychopy.visual.shape.ShapeStim'>, anchor=('center', 'center'), autoDraw=False, autoLog=True, closeShape=True, color=method-wrapper(...), colorSpace='rgb', contrast=None, depth=-1.0, draggable=False, fillColor=array([1, 1, 1]), fillColorSpace='rgb', fillRGB=array([1, 1, 1]), interpolate=True, lineColor=array([1., 1., 1.]), lineColorSpace='rgb', lineRGB=array([1, 1, 1]), lineWidth=1.0, name='fixation_2', opacity=1.0, ori=0.0, pos=array([0., 0.]), size=array([0.05, 0.05]), units='height', vertices=ndarray(...), win=Window(...), windingRule=None)
23.0905 	EXP 	Sound sound_3 set volume 1.000
23.0906 	EXP 	window1: mouseVisible = False
23.1229 	EXP 	Created image_3 = ImageStim(__class__=<class 'psychopy.visual.image.ImageStim'>, anchor=('center', 'center'), autoLog=True, color=array([1., 1., 1.]), colorSpace='rgb', contrast=1.0, depth=-3.0, draggable=False, flipHoriz=False, flipVert=False, image='response.PNG', interpolate=True, mask=None, maskParams=None, name='image_3', opacity=1.0, ori=0.0, pos=array([0., 0.]), size=array([1.5, 0.6]), texRes=128.0, units='height', win=Window(...))
23.1230 	EXP 	window1: mouseVisible = False
23.1240 	EXP 	Created text_2 = TextStim(__class__=<class 'psychopy.visual.text.TextStim'>, alignHoriz=method-wrapper(...), alignText='center', alignVert=method-wrapper(...), anchorHoriz='center', anchorVert='center', antialias=True, autoDraw=False, autoLog=True, bold=False, color=array([1., 1., 1.]), colorSpace='rgb', contrast=1.0, depth=-1.0, draggable=False, flipHoriz=False, flipVert=False, font='Arial', fontFiles=[], height=0.05, italic=False, languageStyle='LTR', name='text_2', opacity=1.0, ori=0.0, pos=array([0. , 0.4]), rgb=UNKNOWN, text='', units='height', win=Window(...), wrapWidth=1)
23.1241 	EXP 	window1: mouseVisible = False
23.1309 	EXP 	Created image_4 = ImageStim(__class__=<class 'psychopy.visual.image.ImageStim'>, anchor=('center', 'center'), autoLog=True, color=array([1., 1., 1.]), colorSpace='rgb', contrast=1.0, depth=-2.0, draggable=False, flipHoriz=False, flipVert=False, image='default.png', interpolate=True, mask=None, maskParams=None, name='image_4', opacity=1.0, ori=0.0, pos=array([0., 0.]), size=array([1.5, 0.6]), texRes=128.0, units='height', win=Window(...))
23.1310 	EXP 	window1: mouseVisible = False
23.1356 	EXP 	Created fixation_posttest = ShapeStim(__class__=<class 'psychopy.visual.shape.ShapeStim'>, anchor=('center', 'center'), autoDraw=False, autoLog=True, closeShape=True, color=method-wrapper(...), colorSpace='rgb', contrast=None, depth=-1.0, draggable=False, fillColor=array([1, 1, 1]), fillColorSpace='rgb', fillRGB=array([1, 1, 1]), interpolate=True, lineColor=array([1., 1., 1.]), lineColorSpace='rgb', lineRGB=array([1, 1, 1]), lineWidth=1.0, name='fixation_posttest', opacity=1.0, ori=0.0, pos=array([0., 0.]), size=array([0.05, 0.05]), units='height', vertices=ndarray(...), win=Window(...), windingRule=None)
23.1366 	EXP 	Sound sound_2 set volume 1.000
23.1367 	EXP 	window1: mouseVisible = False
23.1677 	EXP 	Created image_2 = ImageStim(__class__=<class 'psychopy.visual.image.ImageStim'>, anchor=('center', 'center'), autoLog=True, color=array([1., 1., 1.]), colorSpace='rgb', contrast=1.0, depth=-3.0, draggable=False, flipHoriz=False, flipVert=False, image='response.PNG', interpolate=True, mask=None, maskParams=None, name='image_2', opacity=1.0, ori=0.0, pos=array([0., 0.]), size=array([1.5, 0.6]), texRes=128.0, units='height', win=Window(...))
0.0137 	EXP 	text_norm: alignText = 'left'
0.0311 	INFO 	Keyboard events cleared
0.0307 	EXP 	text_norm: autoDraw = True
0.0307 	EXP 	text_norm: height = 0.1
0.0307 	EXP 	text_norm: height = 0.1
0.0307 	EXP 	text_norm: height = 0.1
0.0307 	EXP 	text_norm: text = 'Welcome to the experiment.\n\nPress the spacebar to continue'
1.5146 	EXP 	Imported test_sounds.csv as conditions, 5 conditions, 4 params
1.5160 	EXP 	Created sequence: random, trialTypes=5, nReps=0, seed=None
1.5505 	DATA 	Keypress: space
1.5584 	INFO 	Keyboard events cleared
1.5581 	EXP 	text_norm: autoDraw = False
1.5581 	EXP 	text: autoDraw = True
4.1450 	EXP 	Imported white_training.csv as conditions, 5 conditions, 4 params
4.1469 	EXP 	Created sequence: random, trialTypes=5, nReps=1, seed=None
4.1472 	EXP 	New trial (rep=0, index=0): OrderedDict([('file_path', 'training_stimuli/white_noise/right_30_white_training.wav'), ('angle', 30), ('channel', 'right'), ('corrAns', 'v')])
4.1673 	DATA 	Keypress: space
4.1731 	EXP 	text: autoDraw = False
4.1731 	EXP 	fixation_2: autoDraw = True
4.6398 	EXP 	Sound sound_3 started
4.6658 	EXP 	fixation_2: autoDraw = False
5.0998 	EXP 	Sound sound_3 reached end of file
5.0999 	EXP 	Sound sound_3 reached end of file
5.1439 	INFO 	Keyboard events cleared
5.1435 	EXP 	image_3: autoDraw = True
7.7416 	EXP 	window1: mouseVisible = True
7.7449 	INFO 	saved data to /Users/pushkarsingh/Documents/01 University/01 Ratnam Lab /HRTF Cue/data/238535_experiment_2024-12-03_19h16.23.735.psydat
7.7456 	INFO 	saved data to '/Users/pushkarsingh/Documents/01 University/01 Ratnam Lab /HRTF Cue/data/238535_experiment_2024-12-03_19h16.23.735.csv'
