7.3132 	INFO 	Loaded monitor calibration from ['2024_08_09 13:47']
7.5907 	EXP 	Created window1 = Window(allowGUI=True, allowStencil=False, autoLog=True, backendConf=UNKNOWN, backgroundFit=<method-wrapper '__getattribute__' of attributeSetter object at 0x7fba342ff0d0>, backgroundImage=<method-wrapper '__getattribute__' of attributeSetter object at 0x7fba342ff070>, bitsMode=UNKNOWN, blendMode='avg', bpc=(8, 8, 8), color=array([-1., -1., -1.]), colorSpace='rgb', depthBits=8, fullscr=<method-wrapper '__getattribute__' of attributeSetter object at 0x7fba342faeb0>, gamma=None, gammaErrorPolicy='raise', infoMsg=UNKNOWN, lms=UNKNOWN, monitor=<psychopy.monitors.calibTools.Monitor object at 0x7fba5288fa00>, multiSample=False, name='window1', numSamples=2, pos=[360.0, 225.0], screen=0, size=array([2880, 1800]), stencilBits=0, stereo=False, title='PsychoPy', units='height', useFBO=True, useRetina=True, viewOri=0.0, viewPos=None, viewScale=None, waitBlanking=True, winType='pyglet')
7.5907 	EXP 	window1: backgroundImage = ''
7.5907 	EXP 	window1: backgroundFit = 'none'
7.5910 	EXP 	window1: mouseVisible = <method-wrapper '__getattribute__' of attributeSetter object at 0x7fba342ff1f0>
7.5913 	EXP 	window1: mouseVisible = <method-wrapper '__getattribute__' of attributeSetter object at 0x7fba342ff1f0>
7.5946 	EXP 	window1: mouseVisible = <method-wrapper '__getattribute__' of attributeSetter object at 0x7fba342ff1f0>
7.5954 	EXP 	window1: mouseVisible = <method-wrapper '__getattribute__' of attributeSetter object at 0x7fba342ff1f0>
7.6463 	EXP 	window1: mouseVisible = <method-wrapper '__getattribute__' of attributeSetter object at 0x7fba342ff1f0>
7.6466 	EXP 	window1: mouseVisible = <method-wrapper '__getattribute__' of attributeSetter object at 0x7fba342ff1f0>
7.6475 	EXP 	window1: mouseVisible = <method-wrapper '__getattribute__' of attributeSetter object at 0x7fba342ff1f0>
7.6483 	EXP 	window1: mouseVisible = <method-wrapper '__getattribute__' of attributeSetter object at 0x7fba342ff1f0>
7.6690 	EXP 	window1: Attempting to measure frame rate of screen (0) ...
7.6690 	EXP 	window1: recordFrameIntervals = False
7.8479 	EXP 	window1: recordFrameIntervals = True
8.2224 	EXP 	Screen (0) actual frame rate measured at 119.27Hz
8.2224 	EXP 	window1: recordFrameIntervals = False
8.2238 	EXP 	window1: mouseVisible = False
10.7105 	INFO 	keyboard.Keyboard is using iohub backend.
10.7106 	INFO 	keyboard.Keyboard is using iohub backend.
10.7118 	INFO 	keyboard.Keyboard is using iohub backend.
10.7119 	INFO 	keyboard.Keyboard is using iohub backend.
10.7120 	INFO 	keyboard.Keyboard is using iohub backend.
10.7121 	EXP 	experiment: status = STARTED
10.7129 	EXP 	window1: mouseVisible = False
10.7656 	EXP 	Created text_norm = TextStim(__class__=<class 'psychopy.visual.text.TextStim'>, alignHoriz=method-wrapper(...), alignText='center', alignVert=method-wrapper(...), anchorHoriz='center', anchorVert='center', antialias=True, autoDraw=False, autoLog=True, bold=False, color=array([1., 1., 1.]), colorSpace='rgb', contrast=1.0, depth=0.0, draggable=False, flipHoriz=False, flipVert=False, font='Arial', fontFiles=[], height=0.1, italic=False, languageStyle='LTR', name='text_norm', opacity=1.0, ori=0.0, pos=array([0., 0.]), rgb=UNKNOWN, text=str(...), units='norm', win=Window(...), wrapWidth=1.8)
10.7658 	EXP 	window1: mouseVisible = False
10.7693 	EXP 	Created fixation = ShapeStim(__class__=<class 'psychopy.visual.shape.ShapeStim'>, anchor=('center', 'center'), autoDraw=False, autoLog=True, closeShape=True, color=method-wrapper(...), colorSpace='rgb', contrast=None, depth=-1.0, draggable=False, fillColor=array([1, 1, 1]), fillColorSpace='rgb', fillRGB=array([1, 1, 1]), interpolate=True, lineColor=array([1., 1., 1.]), lineColorSpace='rgb', lineRGB=array([1, 1, 1]), lineWidth=1.0, name='fixation', opacity=1.0, ori=0.0, pos=array([0., 0.]), size=array([0.05, 0.05]), units='height', vertices=ndarray(...), win=Window(...), windingRule=None)
10.8331 	EXP 	Sound sound_1 set volume 1.000
10.8334 	EXP 	window1: mouseVisible = False
10.8836 	EXP 	Created image = ImageStim(__class__=<class 'psychopy.visual.image.ImageStim'>, anchor=('center', 'center'), autoLog=True, color=array([1., 1., 1.]), colorSpace='rgb', contrast=1.0, depth=-3.0, draggable=False, flipHoriz=False, flipVert=False, image='response.png', interpolate=True, mask=None, maskParams=None, name='image', opacity=1.0, ori=0.0, pos=array([0., 0.]), size=array([1.2, 0.7]), texRes=128.0, units='height', win=Window(...))
10.8838 	EXP 	window1: mouseVisible = False
10.8919 	EXP 	Created text = TextStim(__class__=<class 'psychopy.visual.text.TextStim'>, alignHoriz=method-wrapper(...), alignText='center', alignVert=method-wrapper(...), anchorHoriz='center', anchorVert='center', antialias=True, autoDraw=False, autoLog=True, bold=False, color=array([1., 1., 1.]), colorSpace='rgb', contrast=1.0, depth=0.0, draggable=False, flipHoriz=False, flipVert=False, font='Arial', fontFiles=[], height=0.05, italic=False, languageStyle='LTR', name='text', opacity=1.0, ori=0.0, pos=array([0., 0.]), rgb=UNKNOWN, text='thank you for particpating.', units='height', win=Window(...), wrapWidth=1)
10.8921 	EXP 	window1: mouseVisible = False
10.8952 	EXP 	Created fixation_2 = ShapeStim(__class__=<class 'psychopy.visual.shape.ShapeStim'>, anchor=('center', 'center'), autoDraw=False, autoLog=True, closeShape=True, color=method-wrapper(...), colorSpace='rgb', contrast=None, depth=-1.0, draggable=False, fillColor=array([1, 1, 1]), fillColorSpace='rgb', fillRGB=array([1, 1, 1]), interpolate=True, lineColor=array([1., 1., 1.]), lineColorSpace='rgb', lineRGB=array([1, 1, 1]), lineWidth=1.0, name='fixation_2', opacity=1.0, ori=0.0, pos=array([0., 0.]), size=array([0.05, 0.05]), units='height', vertices=ndarray(...), win=Window(...), windingRule=None)
10.8962 	EXP 	Sound sound_3 set volume 1.000
10.8963 	EXP 	window1: mouseVisible = False
10.9312 	EXP 	Created image_3 = ImageStim(__class__=<class 'psychopy.visual.image.ImageStim'>, anchor=('center', 'center'), autoLog=True, color=array([1., 1., 1.]), colorSpace='rgb', contrast=1.0, depth=-3.0, draggable=False, flipHoriz=False, flipVert=False, image='response.PNG', interpolate=True, mask=None, maskParams=None, name='image_3', opacity=1.0, ori=0.0, pos=array([0., 0.]), size=array([1.2, 0.7]), texRes=128.0, units='height', win=Window(...))
10.9313 	EXP 	window1: mouseVisible = False
10.9323 	EXP 	Created text_2 = TextStim(__class__=<class 'psychopy.visual.text.TextStim'>, alignHoriz=method-wrapper(...), alignText='center', alignVert=method-wrapper(...), anchorHoriz='center', anchorVert='center', antialias=True, autoDraw=False, autoLog=True, bold=False, color=array([1., 1., 1.]), colorSpace='rgb', contrast=1.0, depth=-1.0, draggable=False, flipHoriz=False, flipVert=False, font='Arial', fontFiles=[], height=0.05, italic=False, languageStyle='LTR', name='text_2', opacity=1.0, ori=0.0, pos=array([0. , 0.4]), rgb=UNKNOWN, text='', units='height', win=Window(...), wrapWidth=1)
10.9324 	EXP 	window1: mouseVisible = False
10.9400 	EXP 	Created image_4 = ImageStim(__class__=<class 'psychopy.visual.image.ImageStim'>, anchor=('center', 'center'), autoLog=True, color=array([1., 1., 1.]), colorSpace='rgb', contrast=1.0, depth=-2.0, draggable=False, flipHoriz=False, flipVert=False, image='default.png', interpolate=True, mask=None, maskParams=None, name='image_4', opacity=1.0, ori=0.0, pos=array([0., 0.]), size=array([1.2, 0.7]), texRes=128.0, units='height', win=Window(...))
10.9401 	EXP 	window1: mouseVisible = False
10.9431 	EXP 	Created fixation_posttest = ShapeStim(__class__=<class 'psychopy.visual.shape.ShapeStim'>, anchor=('center', 'center'), autoDraw=False, autoLog=True, closeShape=True, color=method-wrapper(...), colorSpace='rgb', contrast=None, depth=-1.0, draggable=False, fillColor=array([1, 1, 1]), fillColorSpace='rgb', fillRGB=array([1, 1, 1]), interpolate=True, lineColor=array([1., 1., 1.]), lineColorSpace='rgb', lineRGB=array([1, 1, 1]), lineWidth=1.0, name='fixation_posttest', opacity=1.0, ori=0.0, pos=array([0., 0.]), size=array([0.05, 0.05]), units='height', vertices=ndarray(...), win=Window(...), windingRule=None)
10.9441 	EXP 	Sound sound_2 set volume 1.000
10.9442 	EXP 	window1: mouseVisible = False
10.9787 	EXP 	Created image_2 = ImageStim(__class__=<class 'psychopy.visual.image.ImageStim'>, anchor=('center', 'center'), autoLog=True, color=array([1., 1., 1.]), colorSpace='rgb', contrast=1.0, depth=-3.0, draggable=False, flipHoriz=False, flipVert=False, image='response.PNG', interpolate=True, mask=None, maskParams=None, name='image_2', opacity=1.0, ori=0.0, pos=array([0., 0.]), size=array([1.2, 0.7]), texRes=128.0, units='height', win=Window(...))
0.0132 	EXP 	text_norm: alignText = 'left'
0.0313 	INFO 	Keyboard events cleared
0.0309 	EXP 	text_norm: autoDraw = True
0.0309 	EXP 	text_norm: height = 0.1
0.0309 	EXP 	text_norm: height = 0.1
0.0309 	EXP 	text_norm: height = 0.1
0.0309 	EXP 	text_norm: text = 'Welcome to the experiment.\n\nPress the spacebar to continue'
0.8141 	EXP 	Imported test_sounds.csv as conditions, 5 conditions, 4 params
0.8150 	EXP 	Created sequence: random, trialTypes=5, nReps=10, seed=None
0.8153 	EXP 	New trial (rep=0, index=0): OrderedDict([('file_path', 'test_stimuli/right_30_1000_test.wav'), ('angle', 30), ('channel', 'right'), ('corrAns', 'v')])
0.8366 	DATA 	Keypress: space
0.8428 	EXP 	text_norm: autoDraw = False
0.8428 	EXP 	fixation: autoDraw = True
1.3115 	EXP 	Sound sound_1 started
1.3364 	EXP 	fixation: autoDraw = False
1.7711 	EXP 	Sound sound_1 reached end of file
1.7712 	EXP 	Sound sound_1 reached end of file
1.8036 	INFO 	Keyboard events cleared
1.8032 	EXP 	image: autoDraw = True
13.7373 	DATA 	Keypress: escape
13.7705 	EXP 	experiment: status = STOPPED
13.7866 	EXP 	image: autoDraw = False
13.7866 	EXP 	experiment: status = STOPPED
13.7889 	INFO 	saved data to '/Users/pushkarsingh/Documents/01 University/01 Ratnam Lab /HRTF Cue/data/432621_experiment_2024-12-03_18h00.13.152.csv'
13.7902 	INFO 	saved data to /Users/pushkarsingh/Documents/01 University/01 Ratnam Lab /HRTF Cue/data/432621_experiment_2024-12-03_18h00.13.152.psydat
13.8134 	EXP 	window1: mouseVisible = True
