13.9723 	INFO 	Loaded monitor calibration from ['2024_08_09 13:47']
13.9848 	WARNING 	User requested fullscreen with size [1920 1080], but screen is actually [1440, 900]. Using actual size
14.2515 	EXP 	Created window1 = Window(allowGUI=True, allowStencil=False, autoLog=True, backendConf=UNKNOWN, backgroundFit=<method-wrapper '__getattribute__' of attributeSetter object at 0x7fcd2c72d670>, backgroundImage=<method-wrapper '__getattribute__' of attributeSetter object at 0x7fcd2c72d610>, bitsMode=UNKNOWN, blendMode='avg', bpc=(8, 8, 8), color=array([0, 0, 0]), colorSpace='rgb', depthBits=8, fullscr=<method-wrapper '__getattribute__' of attributeSetter object at 0x7fcd2c72d130>, gamma=None, gammaErrorPolicy='raise', infoMsg=UNKNOWN, lms=UNKNOWN, monitor=<psychopy.monitors.calibTools.Monitor object at 0x7fcd2ca9dfa0>, multiSample=False, name='window1', numSamples=2, pos=[360.0, 225.0], screen=0, size=array([2880, 1800]), stencilBits=0, stereo=False, title='PsychoPy', units='height', useFBO=True, useRetina=True, viewOri=0.0, viewPos=None, viewScale=None, waitBlanking=True, winType='pyglet')
14.2516 	EXP 	window1: backgroundImage = ''
14.2516 	EXP 	window1: backgroundFit = 'none'
14.2518 	EXP 	window1: mouseVisible = <method-wrapper '__getattribute__' of attributeSetter object at 0x7fcd2c72d760>
14.2521 	EXP 	window1: mouseVisible = <method-wrapper '__getattribute__' of attributeSetter object at 0x7fcd2c72d760>
14.2555 	EXP 	window1: mouseVisible = <method-wrapper '__getattribute__' of attributeSetter object at 0x7fcd2c72d760>
14.2564 	EXP 	window1: mouseVisible = <method-wrapper '__getattribute__' of attributeSetter object at 0x7fcd2c72d760>
14.3097 	EXP 	window1: mouseVisible = <method-wrapper '__getattribute__' of attributeSetter object at 0x7fcd2c72d760>
14.3099 	EXP 	window1: mouseVisible = <method-wrapper '__getattribute__' of attributeSetter object at 0x7fcd2c72d760>
14.3108 	EXP 	window1: mouseVisible = <method-wrapper '__getattribute__' of attributeSetter object at 0x7fcd2c72d760>
14.3116 	EXP 	window1: mouseVisible = <method-wrapper '__getattribute__' of attributeSetter object at 0x7fcd2c72d760>
14.3321 	EXP 	window1: Attempting to measure frame rate of screen (0) ...
14.3321 	EXP 	window1: recordFrameIntervals = False
14.5298 	EXP 	window1: recordFrameIntervals = True
14.8560 	EXP 	Screen (0) actual frame rate measured at 120.43Hz
14.8560 	EXP 	window1: recordFrameIntervals = False
14.8570 	EXP 	window1: mouseVisible = False
17.3201 	INFO 	keyboard.Keyboard is using iohub backend.
17.3202 	INFO 	keyboard.Keyboard is using iohub backend.
17.3214 	INFO 	keyboard.Keyboard is using iohub backend.
17.3215 	INFO 	keyboard.Keyboard is using iohub backend.
17.3216 	INFO 	keyboard.Keyboard is using iohub backend.
17.3217 	EXP 	experiment: status = STARTED
17.3223 	EXP 	window1: mouseVisible = False
17.3737 	EXP 	Created text_norm = TextStim(__class__=<class 'psychopy.visual.text.TextStim'>, alignHoriz=method-wrapper(...), alignText='center', alignVert=method-wrapper(...), anchorHoriz='center', anchorVert='center', antialias=True, autoDraw=False, autoLog=True, bold=False, color=array([1., 1., 1.]), colorSpace='rgb', contrast=1.0, depth=0.0, draggable=False, flipHoriz=False, flipVert=False, font='Arial', fontFiles=[], height=0.1, italic=False, languageStyle='LTR', name='text_norm', opacity=1.0, ori=0.0, pos=array([0., 0.]), rgb=UNKNOWN, text=str(...), units='norm', win=Window(...), wrapWidth=1.8)
17.3740 	EXP 	window1: mouseVisible = False
17.3775 	EXP 	Created fixation = ShapeStim(__class__=<class 'psychopy.visual.shape.ShapeStim'>, anchor=('center', 'center'), autoDraw=False, autoLog=True, closeShape=True, color=method-wrapper(...), colorSpace='rgb', contrast=None, depth=-1.0, draggable=False, fillColor=array([1, 1, 1]), fillColorSpace='rgb', fillRGB=array([1, 1, 1]), interpolate=True, lineColor=array([1., 1., 1.]), lineColorSpace='rgb', lineRGB=array([1, 1, 1]), lineWidth=1.0, name='fixation', opacity=1.0, ori=0.0, pos=array([0., 0.]), size=array([0.05, 0.05]), units='height', vertices=ndarray(...), win=Window(...), windingRule=None)
17.4419 	EXP 	Sound sound_1 set volume 1.000
17.4422 	EXP 	window1: mouseVisible = False
17.4689 	EXP 	Created image = ImageStim(__class__=<class 'psychopy.visual.image.ImageStim'>, anchor=('center', 'center'), autoLog=True, color=array([1., 1., 1.]), colorSpace='rgb', contrast=1.0, depth=-3.0, draggable=False, flipHoriz=False, flipVert=False, image='response.PNG', interpolate=True, mask=None, maskParams=None, name='image', opacity=1.0, ori=0.0, pos=array([0., 0.]), size=array([1.2, 0.7]), texRes=128.0, units='height', win=Window(...))
17.4690 	EXP 	window1: mouseVisible = False
17.4769 	EXP 	Created text = TextStim(__class__=<class 'psychopy.visual.text.TextStim'>, alignHoriz=method-wrapper(...), alignText='center', alignVert=method-wrapper(...), anchorHoriz='center', anchorVert='center', antialias=True, autoDraw=False, autoLog=True, bold=False, color=array([1., 1., 1.]), colorSpace='rgb', contrast=1.0, depth=0.0, draggable=False, flipHoriz=False, flipVert=False, font='Arial', fontFiles=[], height=0.05, italic=False, languageStyle='LTR', name='text', opacity=1.0, ori=0.0, pos=array([0., 0.]), rgb=UNKNOWN, text='thank you for particpating.', units='height', win=Window(...), wrapWidth=1)
17.4770 	EXP 	window1: mouseVisible = False
17.4801 	EXP 	Created fixation_2 = ShapeStim(__class__=<class 'psychopy.visual.shape.ShapeStim'>, anchor=('center', 'center'), autoDraw=False, autoLog=True, closeShape=True, color=method-wrapper(...), colorSpace='rgb', contrast=None, depth=-1.0, draggable=False, fillColor=array([1, 1, 1]), fillColorSpace='rgb', fillRGB=array([1, 1, 1]), interpolate=True, lineColor=array([1., 1., 1.]), lineColorSpace='rgb', lineRGB=array([1, 1, 1]), lineWidth=1.0, name='fixation_2', opacity=1.0, ori=0.0, pos=array([0., 0.]), size=array([0.05, 0.05]), units='height', vertices=ndarray(...), win=Window(...), windingRule=None)
17.4812 	EXP 	Sound sound_3 set volume 1.000
17.4813 	EXP 	window1: mouseVisible = False
17.4928 	EXP 	Created image_3 = ImageStim(__class__=<class 'psychopy.visual.image.ImageStim'>, anchor=('center', 'center'), autoLog=True, color=array([1., 1., 1.]), colorSpace='rgb', contrast=1.0, depth=-3.0, draggable=False, flipHoriz=False, flipVert=False, image='response.PNG', interpolate=True, mask=None, maskParams=None, name='image_3', opacity=1.0, ori=0.0, pos=array([0., 0.]), size=array([1.2, 0.7]), texRes=128.0, units='height', win=Window(...))
17.4929 	EXP 	window1: mouseVisible = False
17.4939 	EXP 	Created text_2 = TextStim(__class__=<class 'psychopy.visual.text.TextStim'>, alignHoriz=method-wrapper(...), alignText='center', alignVert=method-wrapper(...), anchorHoriz='center', anchorVert='center', antialias=True, autoDraw=False, autoLog=True, bold=False, color=array([1., 1., 1.]), colorSpace='rgb', contrast=1.0, depth=-1.0, draggable=False, flipHoriz=False, flipVert=False, font='Arial', fontFiles=[], height=0.05, italic=False, languageStyle='LTR', name='text_2', opacity=1.0, ori=0.0, pos=array([0. , 0.4]), rgb=UNKNOWN, text='', units='height', win=Window(...), wrapWidth=1)
17.4940 	EXP 	window1: mouseVisible = False
17.5005 	EXP 	Created image_4 = ImageStim(__class__=<class 'psychopy.visual.image.ImageStim'>, anchor=('center', 'center'), autoLog=True, color=array([1., 1., 1.]), colorSpace='rgb', contrast=1.0, depth=-2.0, draggable=False, flipHoriz=False, flipVert=False, image='default.png', interpolate=True, mask=None, maskParams=None, name='image_4', opacity=1.0, ori=0.0, pos=array([0., 0.]), size=array([1.2, 0.7]), texRes=128.0, units='height', win=Window(...))
17.5006 	EXP 	window1: mouseVisible = False
17.5037 	EXP 	Created fixation_posttest = ShapeStim(__class__=<class 'psychopy.visual.shape.ShapeStim'>, anchor=('center', 'center'), autoDraw=False, autoLog=True, closeShape=True, color=method-wrapper(...), colorSpace='rgb', contrast=None, depth=-1.0, draggable=False, fillColor=array([1, 1, 1]), fillColorSpace='rgb', fillRGB=array([1, 1, 1]), interpolate=True, lineColor=array([1., 1., 1.]), lineColorSpace='rgb', lineRGB=array([1, 1, 1]), lineWidth=1.0, name='fixation_posttest', opacity=1.0, ori=0.0, pos=array([0., 0.]), size=array([0.05, 0.05]), units='height', vertices=ndarray(...), win=Window(...), windingRule=None)
17.5046 	EXP 	Sound sound_2 set volume 1.000
17.5047 	EXP 	window1: mouseVisible = False
17.5153 	EXP 	Created image_2 = ImageStim(__class__=<class 'psychopy.visual.image.ImageStim'>, anchor=('center', 'center'), autoLog=True, color=array([1., 1., 1.]), colorSpace='rgb', contrast=1.0, depth=-3.0, draggable=False, flipHoriz=False, flipVert=False, image='response.PNG', interpolate=True, mask=None, maskParams=None, name='image_2', opacity=1.0, ori=0.0, pos=array([0., 0.]), size=array([1.2, 0.7]), texRes=128.0, units='height', win=Window(...))
0.0118 	EXP 	text_norm: alignText = 'left'
0.0286 	INFO 	Keyboard events cleared
0.0283 	EXP 	text_norm: autoDraw = True
0.0283 	EXP 	text_norm: height = 0.1
0.0283 	EXP 	text_norm: height = 0.1
0.0283 	EXP 	text_norm: height = 0.1
0.0283 	EXP 	text_norm: text = 'Welcome to the experiment.\n\nPress the spacebar to continue'
0.8249 	EXP 	Imported sounds_log.csv as conditions, 12 conditions, 3 params
0.8257 	EXP 	Created sequence: random, trialTypes=12, nReps=1, seed=None
0.8260 	EXP 	New trial (rep=0, index=0): OrderedDict([('sound_file_name', 'final_white_noise_30_right.wav'), ('Angle', 30), ('Channel', 'Right')])
0.8481 	DATA 	Keypress: space
0.8542 	EXP 	text_norm: autoDraw = False
0.8542 	EXP 	fixation: autoDraw = True
1.3245 	EXP 	Sound sound_1 started
1.3478 	EXP 	fixation: autoDraw = False
1.7843 	EXP 	Sound sound_1 reached end of file
1.7844 	EXP 	Sound sound_1 reached end of file
1.8192 	INFO 	Keyboard events cleared
1.8187 	EXP 	image: autoDraw = True
3.2967 	DATA 	Keypress: v
3.3048 	EXP 	New trial (rep=0, index=1): OrderedDict([('sound_file_name', 'final_white_noise_0_left.wav'), ('Angle', 0), ('Channel', 'Left')])
3.3137 	EXP 	fixation: autoDraw = False
3.3137 	EXP 	image: autoDraw = False
3.3137 	EXP 	fixation: autoDraw = True
3.8075 	EXP 	Sound sound_1 started
3.8080 	EXP 	fixation: autoDraw = False
4.2672 	EXP 	Sound sound_1 reached end of file
4.2674 	EXP 	Sound sound_1 reached end of file
4.2993 	INFO 	Keyboard events cleared
4.2988 	EXP 	image: autoDraw = True
4.6861 	EXP 	New trial (rep=0, index=2): OrderedDict([('sound_file_name', 'final_pure_tone_0_left.wav'), ('Angle', 0), ('Channel', 'Left')])
4.6913 	DATA 	Keypress: c
4.6968 	EXP 	fixation: autoDraw = False
4.6968 	EXP 	image: autoDraw = False
4.6968 	EXP 	fixation: autoDraw = True
5.1917 	EXP 	Sound sound_1 started
5.1916 	EXP 	fixation: autoDraw = False
5.6516 	EXP 	Sound sound_1 reached end of file
5.6517 	EXP 	Sound sound_1 reached end of file
5.6841 	INFO 	Keyboard events cleared
5.6831 	EXP 	image: autoDraw = True
5.9176 	EXP 	New trial (rep=0, index=3): OrderedDict([('sound_file_name', 'final_pure_tone_90_right.wav'), ('Angle', 90), ('Channel', 'Right')])
5.9227 	DATA 	Keypress: x
5.9285 	EXP 	fixation: autoDraw = False
5.9285 	EXP 	image: autoDraw = False
5.9285 	EXP 	fixation: autoDraw = True
6.4243 	EXP 	Sound sound_1 started
6.4247 	EXP 	fixation: autoDraw = False
6.8840 	EXP 	Sound sound_1 reached end of file
6.8841 	EXP 	Sound sound_1 reached end of file
6.9163 	INFO 	Keyboard events cleared
6.9159 	EXP 	image: autoDraw = True
7.1020 	EXP 	New trial (rep=0, index=4): OrderedDict([('sound_file_name', 'final_pure_tone_30_left.wav'), ('Angle', 30), ('Channel', 'Left')])
7.1075 	DATA 	Keypress: z
7.1129 	EXP 	fixation: autoDraw = False
7.1129 	EXP 	image: autoDraw = False
7.1129 	EXP 	fixation: autoDraw = True
7.6076 	EXP 	Sound sound_1 started
7.6080 	EXP 	fixation: autoDraw = False
8.0673 	EXP 	Sound sound_1 reached end of file
8.0674 	EXP 	Sound sound_1 reached end of file
8.1011 	INFO 	Keyboard events cleared
8.1005 	EXP 	image: autoDraw = True
8.2008 	EXP 	New trial (rep=0, index=5): OrderedDict([('sound_file_name', 'final_white_noise_30_left.wav'), ('Angle', 30), ('Channel', 'Left')])
8.2060 	DATA 	Keypress: c
8.2115 	EXP 	fixation: autoDraw = False
8.2115 	EXP 	image: autoDraw = False
8.2115 	EXP 	fixation: autoDraw = True
8.7076 	EXP 	Sound sound_1 started
8.7080 	EXP 	fixation: autoDraw = False
9.1673 	EXP 	Sound sound_1 reached end of file
9.1674 	EXP 	Sound sound_1 reached end of file
9.2000 	INFO 	Keyboard events cleared
9.1997 	EXP 	image: autoDraw = True
9.2610 	EXP 	New trial (rep=0, index=6): OrderedDict([('sound_file_name', 'final_pure_tone_30_right.wav'), ('Angle', 30), ('Channel', 'Right')])
9.2668 	DATA 	Keypress: v
9.2726 	EXP 	fixation: autoDraw = False
9.2726 	EXP 	image: autoDraw = False
9.2726 	EXP 	fixation: autoDraw = True
9.7658 	EXP 	Sound sound_1 started
9.7644 	EXP 	fixation: autoDraw = False
10.2253 	EXP 	Sound sound_1 reached end of file
10.2254 	EXP 	Sound sound_1 reached end of file
10.2578 	INFO 	Keyboard events cleared
10.2575 	EXP 	image: autoDraw = True
10.4276 	EXP 	New trial (rep=0, index=7): OrderedDict([('sound_file_name', 'final_white_noise_0_right.wav'), ('Angle', 0), ('Channel', 'Right')])
10.4333 	DATA 	Keypress: c
10.4391 	EXP 	fixation: autoDraw = False
10.4391 	EXP 	image: autoDraw = False
10.4391 	EXP 	fixation: autoDraw = True
10.9307 	EXP 	Sound sound_1 started
10.9299 	EXP 	fixation: autoDraw = False
11.3921 	EXP 	Sound sound_1 reached end of file
11.3922 	EXP 	Sound sound_1 reached end of file
11.4251 	INFO 	Keyboard events cleared
11.4246 	EXP 	image: autoDraw = True
11.6349 	EXP 	New trial (rep=0, index=8): OrderedDict([('sound_file_name', 'final_white_noise_90_left.wav'), ('Angle', 90), ('Channel', 'Left')])
11.6400 	DATA 	Keypress: x
11.6457 	EXP 	fixation: autoDraw = False
11.6457 	EXP 	image: autoDraw = False
11.6457 	EXP 	fixation: autoDraw = True
12.1419 	EXP 	Sound sound_1 started
12.1415 	EXP 	fixation: autoDraw = False
12.6017 	EXP 	Sound sound_1 reached end of file
12.6018 	EXP 	Sound sound_1 reached end of file
12.6338 	INFO 	Keyboard events cleared
12.6334 	EXP 	image: autoDraw = True
19.6958 	DATA 	Keypress: z
19.7037 	EXP 	New trial (rep=0, index=9): OrderedDict([('sound_file_name', 'final_pure_tone_90_left.wav'), ('Angle', 90), ('Channel', 'Left')])
19.7126 	EXP 	fixation: autoDraw = False
19.7126 	EXP 	image: autoDraw = False
19.7126 	EXP 	fixation: autoDraw = True
20.2080 	EXP 	Sound sound_1 started
20.2087 	EXP 	fixation: autoDraw = False
20.6677 	EXP 	Sound sound_1 reached end of file
20.6678 	EXP 	Sound sound_1 reached end of file
20.7007 	INFO 	Keyboard events cleared
20.7005 	EXP 	image: autoDraw = True
24.4521 	EXP 	New trial (rep=0, index=10): OrderedDict([('sound_file_name', 'final_white_noise_90_right.wav'), ('Angle', 90), ('Channel', 'Right')])
24.4577 	DATA 	Keypress: b
24.4631 	EXP 	fixation: autoDraw = False
24.4631 	EXP 	image: autoDraw = False
24.4631 	EXP 	fixation: autoDraw = True
24.9582 	EXP 	Sound sound_1 started
24.9588 	EXP 	fixation: autoDraw = False
25.4179 	EXP 	Sound sound_1 reached end of file
25.4180 	EXP 	Sound sound_1 reached end of file
25.4508 	INFO 	Keyboard events cleared
25.4505 	EXP 	image: autoDraw = True
25.7942 	EXP 	New trial (rep=0, index=11): OrderedDict([('sound_file_name', 'final_pure_tone_0_right.wav'), ('Angle', 0), ('Channel', 'Right')])
25.8040 	DATA 	Keypress: b
25.8098 	EXP 	fixation: autoDraw = False
25.8098 	EXP 	image: autoDraw = False
25.8098 	EXP 	fixation: autoDraw = True
26.2991 	EXP 	Sound sound_1 started
26.3087 	EXP 	fixation: autoDraw = False
26.7589 	EXP 	Sound sound_1 reached end of file
26.7590 	EXP 	Sound sound_1 reached end of file
26.7920 	INFO 	Keyboard events cleared
26.7912 	EXP 	image: autoDraw = True
26.9875 	DATA 	Keypress: x
26.9933 	EXP 	fixation: autoDraw = False
26.9933 	EXP 	image: autoDraw = False
26.9933 	EXP 	text: autoDraw = True
28.9845 	EXP 	Created sequence: random, trialTypes=1, nReps=0, seed=None
28.9848 	EXP 	Created sequence: random, trialTypes=1, nReps=0, seed=None
28.9915 	EXP 	text: autoDraw = False
28.9915 	EXP 	text: autoDraw = False
28.9916 	EXP 	experiment: status = STOPPED
28.9978 	INFO 	saved data to '/Users/pushkarsingh/Documents/01 University/01 Ratnam Lab /HRTF Cue/data/adnbnf_experiment_2024-11-17_14h16.21.669.csv'
28.9996 	INFO 	saved data to /Users/pushkarsingh/Documents/01 University/01 Ratnam Lab /HRTF Cue/data/adnbnf_experiment_2024-11-17_14h16.21.669.psydat
29.0226 	EXP 	window1: mouseVisible = True
