9.3789 	DEBUG 	Fullscreen settings ignored as running in pilot mode.
9.3799 	INFO 	Loaded monitor calibration from ['2024_08_09 13:47']
9.6519 	EXP 	Created window1 = Window(allowGUI=True, allowStencil=False, autoLog=True, backendConf=UNKNOWN, backgroundFit=<method-wrapper '__getattribute__' of attributeSetter object at 0x7fdad3029e20>, backgroundImage=<method-wrapper '__getattribute__' of attributeSetter object at 0x7fdad3029fa0>, bitsMode=UNKNOWN, blendMode='avg', bpc=(8, 8, 8), color=array([0, 0, 0]), colorSpace='rgb', depthBits=8, fullscr=<method-wrapper '__getattribute__' of attributeSetter object at 0x7fdad30299d0>, gamma=None, gammaErrorPolicy='raise', infoMsg=UNKNOWN, lms=UNKNOWN, monitor=<psychopy.monitors.calibTools.Monitor object at 0x7fdad2b392b0>, multiSample=False, name='window1', numSamples=2, pos=[520.0, 300.0], screen=0, size=array([1600, 1200]), stencilBits=0, stereo=False, title='PsychoPy', units='height', useFBO=True, useRetina=True, viewOri=0.0, viewPos=None, viewScale=None, waitBlanking=True, winType='pyglet')
9.6519 	EXP 	window1: backgroundImage = ''
9.6520 	EXP 	window1: backgroundFit = 'none'
9.6522 	EXP 	window1: mouseVisible = <method-wrapper '__getattribute__' of attributeSetter object at 0x7fdad30ea100>
9.6526 	EXP 	window1: mouseVisible = <method-wrapper '__getattribute__' of attributeSetter object at 0x7fdad30ea100>
9.6557 	EXP 	window1: mouseVisible = <method-wrapper '__getattribute__' of attributeSetter object at 0x7fdad30ea100>
9.6566 	EXP 	window1: mouseVisible = <method-wrapper '__getattribute__' of attributeSetter object at 0x7fdad30ea100>
9.6647 	DEBUG 	TextBox2 loaded 1 chars with 0 blanks and 1 valid
9.6657 	DEBUG 	TextBox2 loaded 1 chars with 0 blanks and 1 valid
9.6667 	DEBUG 	TextBox2 loaded 1 chars with 0 blanks and 1 valid
9.6680 	DEBUG 	TextBox2 loaded 1 chars with 0 blanks and 1 valid
9.6693 	DEBUG 	TextBox2 loaded 1 chars with 0 blanks and 1 valid
9.6699 	DEBUG 	TextBox2 loaded 1 chars with 0 blanks and 1 valid
9.6708 	DEBUG 	TextBox2 loaded 1 chars with 0 blanks and 1 valid
9.6722 	DEBUG 	TextBox2 loaded 1 chars with 0 blanks and 1 valid
9.6725 	DEBUG 	TextBox2 loaded 1 chars with 0 blanks and 1 valid
9.6728 	DEBUG 	TextBox2 loaded 1 chars with 0 blanks and 1 valid
9.6738 	DEBUG 	TextBox2 loaded 1 chars with 0 blanks and 1 valid
9.6748 	DEBUG 	TextBox2 loaded 1 chars with 0 blanks and 1 valid
9.6757 	DEBUG 	TextBox2 loaded 1 chars with 0 blanks and 1 valid
9.6766 	DEBUG 	TextBox2 loaded 1 chars with 0 blanks and 1 valid
9.6774 	DEBUG 	TextBox2 loaded 1 chars with 0 blanks and 1 valid
9.6785 	DEBUG 	TextBox2 loaded 1 chars with 0 blanks and 1 valid
9.6795 	DEBUG 	TextBox2 loaded 1 chars with 0 blanks and 1 valid
9.6799 	DEBUG 	TextBox2 loaded 1 chars with 0 blanks and 1 valid
9.6805 	DEBUG 	TextBox2 loaded 1 chars with 0 blanks and 1 valid
9.6818 	DEBUG 	TextBox2 loaded 1 chars with 0 blanks and 1 valid
9.6823 	DEBUG 	TextBox2 loaded 1 chars with 0 blanks and 1 valid
9.6827 	DEBUG 	Uploading Texture Font fontname to graphics card
9.6881 	DEBUG 	Upload of Texture Font fontname complete
9.6935 	EXP 	window1: mouseVisible = <method-wrapper '__getattribute__' of attributeSetter object at 0x7fdad30ea100>
9.6937 	EXP 	window1: mouseVisible = <method-wrapper '__getattribute__' of attributeSetter object at 0x7fdad30ea100>
9.6946 	EXP 	window1: mouseVisible = <method-wrapper '__getattribute__' of attributeSetter object at 0x7fdad30ea100>
9.6955 	EXP 	window1: mouseVisible = <method-wrapper '__getattribute__' of attributeSetter object at 0x7fdad30ea100>
9.7018 	DEBUG 	TextBox2 loaded 1 chars with 0 blanks and 1 valid
9.7032 	DEBUG 	TextBox2 loaded 1 chars with 0 blanks and 1 valid
9.7045 	DEBUG 	TextBox2 loaded 1 chars with 0 blanks and 1 valid
9.7048 	DEBUG 	Uploading Texture Font fontname to graphics card
9.7083 	DEBUG 	Upload of Texture Font fontname complete
9.7127 	EXP 	window1: Attempting to measure frame rate of screen (0) ...
9.7127 	EXP 	window1: recordFrameIntervals = False
9.9335 	EXP 	window1: recordFrameIntervals = True
10.7670 	WARNING 	Couldn't measure a consistent frame rate!
  - Is your graphics card set to sync to vertical blank?
  - Are you running other processes on your computer?

10.7671 	EXP 	window1: mouseVisible = False
10.7675 	EXP 	window1: mouseVisible = False
10.7677 	EXP 	window1: mouseVisible = False
10.7688 	EXP 	window1: mouseVisible = False
10.7697 	EXP 	window1: mouseVisible = False
10.7774 	DEBUG 	TextBox2 loaded 1 chars with 0 blanks and 1 valid
10.7781 	DEBUG 	TextBox2 loaded 1 chars with 0 blanks and 1 valid
10.7792 	DEBUG 	TextBox2 loaded 1 chars with 0 blanks and 1 valid
10.7808 	DEBUG 	TextBox2 loaded 1 chars with 0 blanks and 1 valid
10.7822 	DEBUG 	TextBox2 loaded 1 chars with 0 blanks and 1 valid
10.7837 	DEBUG 	TextBox2 loaded 1 chars with 0 blanks and 1 valid
10.7843 	DEBUG 	TextBox2 loaded 1 chars with 0 blanks and 1 valid
10.7855 	DEBUG 	TextBox2 loaded 1 chars with 0 blanks and 1 valid
10.7870 	DEBUG 	TextBox2 loaded 1 chars with 0 blanks and 1 valid
10.7883 	DEBUG 	TextBox2 loaded 1 chars with 0 blanks and 1 valid
10.7887 	DEBUG 	Uploading Texture Font fontname to graphics card
10.7923 	DEBUG 	Upload of Texture Font fontname complete
10.7964 	EXP 	window1: mouseVisible = False
10.7966 	EXP 	window1: mouseVisible = False
10.7974 	EXP 	window1: mouseVisible = False
10.7982 	EXP 	window1: mouseVisible = False
10.8459 	WARNING 	launchHubServer: If using the iohub mouse or eyetracker devices, fullScr should be True.
13.6655 	INFO 	keyboard.Keyboard is using iohub backend.
13.6656 	INFO 	keyboard.Keyboard is using iohub backend.
13.6667 	INFO 	keyboard.Keyboard is using iohub backend.
13.6668 	INFO 	keyboard.Keyboard is using iohub backend.
13.6669 	INFO 	keyboard.Keyboard is using iohub backend.
13.6670 	EXP 	experiment: status = STARTED
13.6676 	EXP 	window1: mouseVisible = False
13.7168 	EXP 	Created text_norm = TextStim(__class__=<class 'psychopy.visual.text.TextStim'>, alignHoriz=method-wrapper(...), alignText='center', alignVert=method-wrapper(...), anchorHoriz='center', anchorVert='center', antialias=True, autoDraw=False, autoLog=True, bold=False, color=array([1., 1., 1.]), colorSpace='rgb', contrast=1.0, depth=0.0, draggable=False, flipHoriz=False, flipVert=False, font='Arial', fontFiles=[], height=0.1, italic=False, languageStyle='LTR', name='text_norm', opacity=1.0, ori=0.0, pos=array([0., 0.]), rgb=UNKNOWN, text=str(...), units='norm', win=Window(...), wrapWidth=1.8)
13.7171 	EXP 	window1: mouseVisible = False
13.7207 	EXP 	Created fixation = ShapeStim(__class__=<class 'psychopy.visual.shape.ShapeStim'>, anchor=('center', 'center'), autoDraw=False, autoLog=True, closeShape=True, color=method-wrapper(...), colorSpace='rgb', contrast=None, depth=-1.0, draggable=False, fillColor=array([1, 1, 1]), fillColorSpace='rgb', fillRGB=array([1, 1, 1]), interpolate=True, lineColor=array([1., 1., 1.]), lineColorSpace='rgb', lineRGB=array([1, 1, 1]), lineWidth=1.0, name='fixation', opacity=1.0, ori=0.0, pos=array([0., 0.]), size=array([0.05, 0.05]), units='height', vertices=ndarray(...), win=Window(...), windingRule=None)
13.7819 	EXP 	Sound sound_1 set volume 1.000
13.7822 	EXP 	window1: mouseVisible = False
13.8032 	EXP 	Created image = ImageStim(__class__=<class 'psychopy.visual.image.ImageStim'>, anchor=('center', 'center'), autoLog=True, color=array([1., 1., 1.]), colorSpace='rgb', contrast=1.0, depth=-3.0, draggable=False, flipHoriz=False, flipVert=False, image='response.PNG', interpolate=True, mask=None, maskParams=None, name='image', opacity=1.0, ori=0.0, pos=array([0., 0.]), size=array([1.2, 0.7]), texRes=128.0, units='height', win=Window(...))
13.8034 	EXP 	window1: mouseVisible = False
13.8112 	EXP 	Created text = TextStim(__class__=<class 'psychopy.visual.text.TextStim'>, alignHoriz=method-wrapper(...), alignText='center', alignVert=method-wrapper(...), anchorHoriz='center', anchorVert='center', antialias=True, autoDraw=False, autoLog=True, bold=False, color=array([1., 1., 1.]), colorSpace='rgb', contrast=1.0, depth=0.0, draggable=False, flipHoriz=False, flipVert=False, font='Arial', fontFiles=[], height=0.05, italic=False, languageStyle='LTR', name='text', opacity=1.0, ori=0.0, pos=array([0., 0.]), rgb=UNKNOWN, text='we are in the training module now.', units='height', win=Window(...), wrapWidth=1)
13.8113 	EXP 	window1: mouseVisible = False
13.8145 	EXP 	Created fixation_2 = ShapeStim(__class__=<class 'psychopy.visual.shape.ShapeStim'>, anchor=('center', 'center'), autoDraw=False, autoLog=True, closeShape=True, color=method-wrapper(...), colorSpace='rgb', contrast=None, depth=-1.0, draggable=False, fillColor=array([1, 1, 1]), fillColorSpace='rgb', fillRGB=array([1, 1, 1]), interpolate=True, lineColor=array([1., 1., 1.]), lineColorSpace='rgb', lineRGB=array([1, 1, 1]), lineWidth=1.0, name='fixation_2', opacity=1.0, ori=0.0, pos=array([0., 0.]), size=array([0.05, 0.05]), units='height', vertices=ndarray(...), win=Window(...), windingRule=None)
13.8156 	EXP 	Sound sound_3 set volume 1.000
13.8157 	EXP 	window1: mouseVisible = False
13.8275 	EXP 	Created image_3 = ImageStim(__class__=<class 'psychopy.visual.image.ImageStim'>, anchor=('center', 'center'), autoLog=True, color=array([1., 1., 1.]), colorSpace='rgb', contrast=1.0, depth=-3.0, draggable=False, flipHoriz=False, flipVert=False, image='response.PNG', interpolate=True, mask=None, maskParams=None, name='image_3', opacity=1.0, ori=0.0, pos=array([0., 0.]), size=array([1.2, 0.7]), texRes=128.0, units='height', win=Window(...))
13.8277 	EXP 	window1: mouseVisible = False
13.8309 	EXP 	Created fixation_posttest = ShapeStim(__class__=<class 'psychopy.visual.shape.ShapeStim'>, anchor=('center', 'center'), autoDraw=False, autoLog=True, closeShape=True, color=method-wrapper(...), colorSpace='rgb', contrast=None, depth=-1.0, draggable=False, fillColor=array([1, 1, 1]), fillColorSpace='rgb', fillRGB=array([1, 1, 1]), interpolate=True, lineColor=array([1., 1., 1.]), lineColorSpace='rgb', lineRGB=array([1, 1, 1]), lineWidth=1.0, name='fixation_posttest', opacity=1.0, ori=0.0, pos=array([0., 0.]), size=array([0.05, 0.05]), units='height', vertices=ndarray(...), win=Window(...), windingRule=None)
13.8320 	EXP 	Sound sound_2 set volume 1.000
13.8322 	EXP 	window1: mouseVisible = False
13.8449 	EXP 	Created image_2 = ImageStim(__class__=<class 'psychopy.visual.image.ImageStim'>, anchor=('center', 'center'), autoLog=True, color=array([1., 1., 1.]), colorSpace='rgb', contrast=1.0, depth=-3.0, draggable=False, flipHoriz=False, flipVert=False, image='response.PNG', interpolate=True, mask=None, maskParams=None, name='image_2', opacity=1.0, ori=0.0, pos=array([0., 0.]), size=array([1.2, 0.7]), texRes=128.0, units='height', win=Window(...))
0.0159 	EXP 	text_norm: alignText = 'left'
0.0358 	INFO 	Keyboard events cleared
0.0354 	EXP 	text_norm: autoDraw = True
0.0354 	EXP 	text_norm: height = 0.1
0.0354 	EXP 	text_norm: height = 0.1
0.0354 	EXP 	text_norm: height = 0.1
0.0354 	EXP 	text_norm: text = 'Welcome to the experiment.\n\nPress the spacebar to continue'
3.0126 	EXP 	Created sequence: random, trialTypes=1, nReps=1, seed=None
3.0128 	EXP 	New trial (rep=0, index=0): None
3.0302 	DATA 	Keypress: space
3.0346 	WARNING 	t of last frame was 46.11ms (=1/21)
3.0346 	EXP 	text_norm: autoDraw = False
3.0346 	EXP 	fixation: autoDraw = True
3.5124 	EXP 	Sound sound_1 started
3.5290 	EXP 	fixation: autoDraw = False
3.9826 	EXP 	Sound sound_1 reached end of file
3.9826 	EXP 	Sound sound_1 reached end of file
4.0058 	INFO 	Keyboard events cleared
4.0055 	EXP 	image: autoDraw = True
12.1140 	DATA 	Keypress: v
12.1178 	EXP 	fixation: autoDraw = False
12.1178 	EXP 	image: autoDraw = False
12.1178 	EXP 	text: autoDraw = True
14.1138 	EXP 	text: autoDraw = False
14.1138 	EXP 	text: autoDraw = False
14.1138 	EXP 	fixation_2: autoDraw = True
14.6122 	EXP 	Sound sound_3 started
14.6115 	EXP 	fixation_2: autoDraw = False
15.0823 	EXP 	Sound sound_3 reached end of file
15.0824 	EXP 	Sound sound_3 reached end of file
15.1062 	INFO 	Keyboard events cleared
15.1060 	EXP 	image_3: autoDraw = True
25.0609 	EXP 	Created sequence: random, trialTypes=1, nReps=1, seed=None
25.0610 	EXP 	New trial (rep=0, index=0): None
25.0648 	DATA 	Keypress: x
25.0685 	EXP 	fixation_2: autoDraw = False
25.0685 	EXP 	image_3: autoDraw = False
25.0685 	EXP 	fixation_posttest: autoDraw = True
25.5626 	EXP 	Sound sound_2 started
25.5623 	EXP 	fixation_posttest: autoDraw = False
26.0327 	EXP 	Sound sound_2 reached end of file
26.0328 	EXP 	Sound sound_2 reached end of file
26.0565 	INFO 	Keyboard events cleared
26.0562 	EXP 	image_2: autoDraw = True
30.3292 	DATA 	Keypress: v
30.3330 	EXP 	fixation_posttest: autoDraw = False
30.3330 	EXP 	image_2: autoDraw = False
30.3361 	EXP 	experiment: status = STOPPED
30.3403 	INFO 	saved data to '/Users/pushkarsingh/Documents/01 University/01 Ratnam Lab /HRTF Cue/data/ff_experiment_2024-11-08_18h24.20.478.csv'
30.3408 	INFO 	saved data to /Users/pushkarsingh/Documents/01 University/01 Ratnam Lab /HRTF Cue/data/ff_experiment_2024-11-08_18h24.20.478.psydat
30.3549 	EXP 	window1: mouseVisible = True
30.9908 	DEBUG 	Saving data for experiment ExperimentHandler
