8.9330 	INFO 	Loaded monitor calibration from ['2024_08_09 13:47']
8.9471 	WARNING 	User requested fullscreen with size [1920 1080], but screen is actually [1440, 900]. Using actual size
9.2378 	EXP 	Created window1 = Window(allowGUI=True, allowStencil=False, autoLog=True, backendConf=UNKNOWN, backgroundFit=<method-wrapper '__getattribute__' of attributeSetter object at 0x7ff029325160>, backgroundImage=<method-wrapper '__getattribute__' of attributeSetter object at 0x7ff029325100>, bitsMode=UNKNOWN, blendMode='avg', bpc=(8, 8, 8), color=array([0, 0, 0]), colorSpace='rgb', depthBits=8, fullscr=<method-wrapper '__getattribute__' of attributeSetter object at 0x7ff02bce9f10>, gamma=None, gammaErrorPolicy='raise', infoMsg=UNKNOWN, lms=UNKNOWN, monitor=<psychopy.monitors.calibTools.Monitor object at 0x7ff02d162430>, multiSample=False, name='window1', numSamples=2, pos=[360.0, 225.0], screen=0, size=array([2880, 1800]), stencilBits=0, stereo=False, title='PsychoPy', units='height', useFBO=True, useRetina=True, viewOri=0.0, viewPos=None, viewScale=None, waitBlanking=True, winType='pyglet')
9.2379 	EXP 	window1: backgroundImage = ''
9.2379 	EXP 	window1: backgroundFit = 'none'
9.2382 	EXP 	window1: mouseVisible = <method-wrapper '__getattribute__' of attributeSetter object at 0x7ff029325280>
9.2387 	EXP 	window1: mouseVisible = <method-wrapper '__getattribute__' of attributeSetter object at 0x7ff029325280>
9.2422 	EXP 	window1: mouseVisible = <method-wrapper '__getattribute__' of attributeSetter object at 0x7ff029325280>
9.2430 	EXP 	window1: mouseVisible = <method-wrapper '__getattribute__' of attributeSetter object at 0x7ff029325280>
9.2957 	EXP 	window1: mouseVisible = <method-wrapper '__getattribute__' of attributeSetter object at 0x7ff029325280>
9.2959 	EXP 	window1: mouseVisible = <method-wrapper '__getattribute__' of attributeSetter object at 0x7ff029325280>
9.2968 	EXP 	window1: mouseVisible = <method-wrapper '__getattribute__' of attributeSetter object at 0x7ff029325280>
9.2977 	EXP 	window1: mouseVisible = <method-wrapper '__getattribute__' of attributeSetter object at 0x7ff029325280>
9.3198 	EXP 	window1: Attempting to measure frame rate of screen (0) ...
9.3198 	EXP 	window1: recordFrameIntervals = False
9.5982 	EXP 	window1: recordFrameIntervals = True
10.4331 	WARNING 	Couldn't measure a consistent frame rate!
  - Is your graphics card set to sync to vertical blank?
  - Are you running other processes on your computer?

10.4344 	EXP 	window1: mouseVisible = False
13.5712 	INFO 	keyboard.Keyboard is using iohub backend.
13.5713 	INFO 	keyboard.Keyboard is using iohub backend.
13.5723 	INFO 	keyboard.Keyboard is using iohub backend.
13.5724 	INFO 	keyboard.Keyboard is using iohub backend.
13.5725 	INFO 	keyboard.Keyboard is using iohub backend.
13.5725 	EXP 	experiment: status = STARTED
13.5731 	EXP 	window1: mouseVisible = False
13.6247 	EXP 	Created text_norm = TextStim(__class__=<class 'psychopy.visual.text.TextStim'>, alignHoriz=method-wrapper(...), alignText='center', alignVert=method-wrapper(...), anchorHoriz='center', anchorVert='center', antialias=True, autoDraw=False, autoLog=True, bold=False, color=array([1., 1., 1.]), colorSpace='rgb', contrast=1.0, depth=0.0, draggable=False, flipHoriz=False, flipVert=False, font='Arial', fontFiles=[], height=0.1, italic=False, languageStyle='LTR', name='text_norm', opacity=1.0, ori=0.0, pos=array([0., 0.]), rgb=UNKNOWN, text=str(...), units='norm', win=Window(...), wrapWidth=1.8)
13.6249 	EXP 	window1: mouseVisible = False
13.6283 	EXP 	Created fixation = ShapeStim(__class__=<class 'psychopy.visual.shape.ShapeStim'>, anchor=('center', 'center'), autoDraw=False, autoLog=True, closeShape=True, color=method-wrapper(...), colorSpace='rgb', contrast=None, depth=-1.0, draggable=False, fillColor=array([1, 1, 1]), fillColorSpace='rgb', fillRGB=array([1, 1, 1]), interpolate=True, lineColor=array([1., 1., 1.]), lineColorSpace='rgb', lineRGB=array([1, 1, 1]), lineWidth=1.0, name='fixation', opacity=1.0, ori=0.0, pos=array([0., 0.]), size=array([0.05, 0.05]), units='height', vertices=ndarray(...), win=Window(...), windingRule=None)
13.7000 	EXP 	Sound sound_1 set volume 1.000
13.7006 	EXP 	window1: mouseVisible = False
13.7244 	EXP 	Created image = ImageStim(__class__=<class 'psychopy.visual.image.ImageStim'>, anchor=('center', 'center'), autoLog=True, color=array([1., 1., 1.]), colorSpace='rgb', contrast=1.0, depth=-3.0, draggable=False, flipHoriz=False, flipVert=False, image='response.PNG', interpolate=True, mask=None, maskParams=None, name='image', opacity=1.0, ori=0.0, pos=array([0., 0.]), size=array([1.2, 0.7]), texRes=128.0, units='height', win=Window(...))
13.7246 	EXP 	window1: mouseVisible = False
13.7340 	EXP 	Created text = TextStim(__class__=<class 'psychopy.visual.text.TextStim'>, alignHoriz=method-wrapper(...), alignText='center', alignVert=method-wrapper(...), anchorHoriz='center', anchorVert='center', antialias=True, autoDraw=False, autoLog=True, bold=False, color=array([1., 1., 1.]), colorSpace='rgb', contrast=1.0, depth=0.0, draggable=False, flipHoriz=False, flipVert=False, font='Arial', fontFiles=[], height=0.05, italic=False, languageStyle='LTR', name='text', opacity=1.0, ori=0.0, pos=array([0., 0.]), rgb=UNKNOWN, text='we are in the training module now.', units='height', win=Window(...), wrapWidth=1)
13.7341 	EXP 	window1: mouseVisible = False
13.7373 	EXP 	Created fixation_2 = ShapeStim(__class__=<class 'psychopy.visual.shape.ShapeStim'>, anchor=('center', 'center'), autoDraw=False, autoLog=True, closeShape=True, color=method-wrapper(...), colorSpace='rgb', contrast=None, depth=-1.0, draggable=False, fillColor=array([1, 1, 1]), fillColorSpace='rgb', fillRGB=array([1, 1, 1]), interpolate=True, lineColor=array([1., 1., 1.]), lineColorSpace='rgb', lineRGB=array([1, 1, 1]), lineWidth=1.0, name='fixation_2', opacity=1.0, ori=0.0, pos=array([0., 0.]), size=array([0.05, 0.05]), units='height', vertices=ndarray(...), win=Window(...), windingRule=None)
13.7383 	EXP 	Sound sound_3 set volume 1.000
13.7384 	EXP 	window1: mouseVisible = False
13.7493 	EXP 	Created image_3 = ImageStim(__class__=<class 'psychopy.visual.image.ImageStim'>, anchor=('center', 'center'), autoLog=True, color=array([1., 1., 1.]), colorSpace='rgb', contrast=1.0, depth=-3.0, draggable=False, flipHoriz=False, flipVert=False, image='response.PNG', interpolate=True, mask=None, maskParams=None, name='image_3', opacity=1.0, ori=0.0, pos=array([0., 0.]), size=array([1.2, 0.7]), texRes=128.0, units='height', win=Window(...))
13.7494 	EXP 	window1: mouseVisible = False
13.7504 	EXP 	Created text_2 = TextStim(__class__=<class 'psychopy.visual.text.TextStim'>, alignHoriz=method-wrapper(...), alignText='center', alignVert=method-wrapper(...), anchorHoriz='center', anchorVert='center', antialias=True, autoDraw=False, autoLog=True, bold=False, color=array([1., 1., 1.]), colorSpace='rgb', contrast=1.0, depth=-1.0, draggable=False, flipHoriz=False, flipVert=False, font='Arial', fontFiles=[], height=0.05, italic=False, languageStyle='LTR', name='text_2', opacity=1.0, ori=0.0, pos=array([0. , 0.3]), rgb=UNKNOWN, text='', units='height', win=Window(...), wrapWidth=1)
13.7505 	EXP 	window1: mouseVisible = False
13.7567 	EXP 	Created image_4 = ImageStim(__class__=<class 'psychopy.visual.image.ImageStim'>, anchor=('center', 'center'), autoLog=True, color=array([1., 1., 1.]), colorSpace='rgb', contrast=1.0, depth=-2.0, draggable=False, flipHoriz=False, flipVert=False, image='default.png', interpolate=True, mask=None, maskParams=None, name='image_4', opacity=1.0, ori=0.0, pos=array([ 0. , -0.3]), size=array([1.2, 0.7]), texRes=128.0, units='height', win=Window(...))
13.7568 	EXP 	window1: mouseVisible = False
13.7598 	EXP 	Created fixation_posttest = ShapeStim(__class__=<class 'psychopy.visual.shape.ShapeStim'>, anchor=('center', 'center'), autoDraw=False, autoLog=True, closeShape=True, color=method-wrapper(...), colorSpace='rgb', contrast=None, depth=-1.0, draggable=False, fillColor=array([1, 1, 1]), fillColorSpace='rgb', fillRGB=array([1, 1, 1]), interpolate=True, lineColor=array([1., 1., 1.]), lineColorSpace='rgb', lineRGB=array([1, 1, 1]), lineWidth=1.0, name='fixation_posttest', opacity=1.0, ori=0.0, pos=array([0., 0.]), size=array([0.05, 0.05]), units='height', vertices=ndarray(...), win=Window(...), windingRule=None)
13.7608 	EXP 	Sound sound_2 set volume 1.000
13.7609 	EXP 	window1: mouseVisible = False
13.7723 	EXP 	Created image_2 = ImageStim(__class__=<class 'psychopy.visual.image.ImageStim'>, anchor=('center', 'center'), autoLog=True, color=array([1., 1., 1.]), colorSpace='rgb', contrast=1.0, depth=-3.0, draggable=False, flipHoriz=False, flipVert=False, image='response.PNG', interpolate=True, mask=None, maskParams=None, name='image_2', opacity=1.0, ori=0.0, pos=array([0., 0.]), size=array([1.2, 0.7]), texRes=128.0, units='height', win=Window(...))
0.0276 	EXP 	text_norm: alignText = 'left'
0.0505 	INFO 	Keyboard events cleared
0.0500 	WARNING 	t of last frame was 22.50ms (=1/44)
0.0500 	EXP 	text_norm: autoDraw = True
0.0500 	EXP 	text_norm: height = 0.1
0.0500 	EXP 	text_norm: height = 0.1
0.0500 	EXP 	text_norm: height = 0.1
0.0500 	EXP 	text_norm: text = 'Welcome to the experiment.\n\nPress the spacebar to continue'
1.3408 	EXP 	Created sequence: random, trialTypes=1, nReps=1, seed=None
1.3410 	EXP 	New trial (rep=0, index=0): None
1.3613 	DATA 	Keypress: space
1.3677 	WARNING 	t of last frame was 63.51ms (=1/15)
1.3677 	EXP 	text_norm: autoDraw = False
1.3677 	EXP 	fixation: autoDraw = True
1.8435 	EXP 	Sound sound_1 started
1.8587 	EXP 	fixation: autoDraw = False
2.3206 	EXP 	Sound sound_1 reached end of file
2.3207 	EXP 	Sound sound_1 reached end of file
2.3371 	INFO 	Keyboard events cleared
2.3368 	EXP 	image: autoDraw = True
3.2505 	DATA 	Keypress: z
3.2562 	EXP 	fixation: autoDraw = False
3.2562 	EXP 	image: autoDraw = False
3.2562 	EXP 	text: autoDraw = True
5.2459 	EXP 	Created sequence: random, trialTypes=1, nReps=5, seed=None
5.2461 	EXP 	New trial (rep=0, index=0): None
5.2530 	EXP 	text: autoDraw = False
5.2530 	EXP 	text: autoDraw = False
5.2530 	EXP 	fixation_2: autoDraw = True
5.7537 	EXP 	Sound sound_3 started
5.7430 	EXP 	fixation_2: autoDraw = False
6.2239 	EXP 	Sound sound_3 reached end of file
6.2240 	EXP 	Sound sound_3 reached end of file
6.2435 	INFO 	Keyboard events cleared
6.2432 	EXP 	image_3: autoDraw = True
7.7405 	DATA 	Keypress: z
7.7463 	WARNING 	t of last frame was 51.97ms (=1/19)
7.7463 	EXP 	fixation_2: autoDraw = False
7.7463 	EXP 	image_3: autoDraw = False
7.7463 	EXP 	text_2: height = 0.05
7.7463 	EXP 	text_2: height = 0.05
7.7463 	EXP 	text_2: height = 0.05
7.7463 	EXP 	text_2: text = 'Correct !, the sound came from Left90'
7.7463 	EXP 	image_4: image = 'Left_90.png'
7.7463 	EXP 	text_2: autoDraw = True
7.7463 	EXP 	image_4: autoDraw = True
10.2034 	EXP 	New trial (rep=1, index=0): None
10.2098 	EXP 	text_2: autoDraw = False
10.2098 	EXP 	image_4: autoDraw = False
10.2098 	EXP 	fixation_2: autoDraw = True
10.7035 	EXP 	Sound sound_3 started
10.7097 	EXP 	fixation_2: autoDraw = False
11.1739 	EXP 	Sound sound_3 reached end of file
11.1740 	EXP 	Sound sound_3 reached end of file
11.1864 	INFO 	Keyboard events cleared
11.1862 	EXP 	image_3: autoDraw = True
12.3003 	DATA 	Keypress: x
12.3058 	WARNING 	t of last frame was 44.07ms (=1/22)
12.3058 	EXP 	fixation_2: autoDraw = False
12.3058 	EXP 	image_3: autoDraw = False
12.3058 	EXP 	text_2: height = 0.05
12.3058 	EXP 	text_2: height = 0.05
12.3058 	EXP 	text_2: height = 0.05
12.3058 	EXP 	text_2: text = 'Wrong !, the sound came from right30'
12.3058 	EXP 	image_4: image = 'Right_30.png'
12.3058 	EXP 	text_2: autoDraw = True
12.3058 	EXP 	image_4: autoDraw = True
14.7713 	EXP 	New trial (rep=2, index=0): None
14.7794 	EXP 	text_2: autoDraw = False
14.7794 	EXP 	image_4: autoDraw = False
14.7794 	EXP 	fixation_2: autoDraw = True
15.2708 	EXP 	Sound sound_3 started
15.2749 	EXP 	fixation_2: autoDraw = False
15.7411 	EXP 	Sound sound_3 reached end of file
15.7412 	EXP 	Sound sound_3 reached end of file
15.7532 	INFO 	Keyboard events cleared
15.7530 	EXP 	image_3: autoDraw = True
16.8238 	DATA 	Keypress: z
16.8294 	WARNING 	Multiple dropped frames have occurred - I'll stop bothering you about them!
16.8293 	EXP 	fixation_2: autoDraw = False
16.8293 	EXP 	image_3: autoDraw = False
16.8293 	EXP 	text_2: height = 0.05
16.8293 	EXP 	text_2: height = 0.05
16.8293 	EXP 	text_2: height = 0.05
16.8293 	EXP 	text_2: text = 'Wrong !, the sound came from center'
16.8293 	EXP 	image_4: image = 'Center.png'
16.8293 	EXP 	text_2: autoDraw = True
16.8293 	EXP 	image_4: autoDraw = True
19.2565 	DATA 	Keypress: escape
19.2941 	EXP 	New trial (rep=3, index=0): None
19.3039 	EXP 	text_2: autoDraw = False
19.3039 	EXP 	image_4: autoDraw = False
19.3039 	EXP 	fixation_2: autoDraw = True
19.3564 	EXP 	experiment: status = STOPPED
19.3615 	EXP 	fixation_2: autoDraw = False
19.3615 	EXP 	experiment: status = STOPPED
19.3675 	INFO 	saved data to '/Users/pushkarsingh/Documents/01 University/01 Ratnam Lab /HRTF Cue/data/kjkjkj_experiment_2024-11-08_19h29.15.997.csv'
19.3682 	INFO 	saved data to /Users/pushkarsingh/Documents/01 University/01 Ratnam Lab /HRTF Cue/data/kjkjkj_experiment_2024-11-08_19h29.15.997.psydat
19.3895 	EXP 	window1: mouseVisible = True
