10.0119 	DEBUG 	Fullscreen settings ignored as running in pilot mode.
10.0130 	INFO 	Loaded monitor calibration from ['2024_08_09 13:47']
10.2895 	EXP 	Created window1 = Window(allowGUI=True, allowStencil=False, autoLog=True, backendConf=UNKNOWN, backgroundFit=<method-wrapper '__getattribute__' of attributeSetter object at 0x7fe320f9f3d0>, backgroundImage=<method-wrapper '__getattribute__' of attributeSetter object at 0x7fe320f9f370>, bitsMode=UNKNOWN, blendMode='avg', bpc=(8, 8, 8), color=array([0, 0, 0]), colorSpace='rgb', depthBits=8, fullscr=<method-wrapper '__getattribute__' of attributeSetter object at 0x7fe320f9f1c0>, gamma=None, gammaErrorPolicy='raise', infoMsg=UNKNOWN, lms=UNKNOWN, monitor=<psychopy.monitors.calibTools.Monitor object at 0x7fe333755df0>, multiSample=False, name='window1', numSamples=2, pos=[520.0, 300.0], screen=0, size=array([1600, 1200]), stencilBits=0, stereo=False, title='PsychoPy', units='height', useFBO=True, useRetina=True, viewOri=0.0, viewPos=None, viewScale=None, waitBlanking=True, winType='pyglet')
10.2896 	EXP 	window1: backgroundImage = ''
10.2896 	EXP 	window1: backgroundFit = 'none'
10.2899 	EXP 	window1: mouseVisible = <method-wrapper '__getattribute__' of attributeSetter object at 0x7fe320f9f4f0>
10.2901 	EXP 	window1: mouseVisible = <method-wrapper '__getattribute__' of attributeSetter object at 0x7fe320f9f4f0>
10.2934 	EXP 	window1: mouseVisible = <method-wrapper '__getattribute__' of attributeSetter object at 0x7fe320f9f4f0>
10.2942 	EXP 	window1: mouseVisible = <method-wrapper '__getattribute__' of attributeSetter object at 0x7fe320f9f4f0>
10.3024 	DEBUG 	TextBox2 loaded 1 chars with 0 blanks and 1 valid
10.3034 	DEBUG 	TextBox2 loaded 1 chars with 0 blanks and 1 valid
10.3044 	DEBUG 	TextBox2 loaded 1 chars with 0 blanks and 1 valid
10.3058 	DEBUG 	TextBox2 loaded 1 chars with 0 blanks and 1 valid
10.3070 	DEBUG 	TextBox2 loaded 1 chars with 0 blanks and 1 valid
10.3076 	DEBUG 	TextBox2 loaded 1 chars with 0 blanks and 1 valid
10.3086 	DEBUG 	TextBox2 loaded 1 chars with 0 blanks and 1 valid
10.3100 	DEBUG 	TextBox2 loaded 1 chars with 0 blanks and 1 valid
10.3102 	DEBUG 	TextBox2 loaded 1 chars with 0 blanks and 1 valid
10.3106 	DEBUG 	TextBox2 loaded 1 chars with 0 blanks and 1 valid
10.3116 	DEBUG 	TextBox2 loaded 1 chars with 0 blanks and 1 valid
10.3126 	DEBUG 	TextBox2 loaded 1 chars with 0 blanks and 1 valid
10.3134 	DEBUG 	TextBox2 loaded 1 chars with 0 blanks and 1 valid
10.3144 	DEBUG 	TextBox2 loaded 1 chars with 0 blanks and 1 valid
10.3152 	DEBUG 	TextBox2 loaded 1 chars with 0 blanks and 1 valid
10.3162 	DEBUG 	TextBox2 loaded 1 chars with 0 blanks and 1 valid
10.3172 	DEBUG 	TextBox2 loaded 1 chars with 0 blanks and 1 valid
10.3177 	DEBUG 	TextBox2 loaded 1 chars with 0 blanks and 1 valid
10.3182 	DEBUG 	TextBox2 loaded 1 chars with 0 blanks and 1 valid
10.3196 	DEBUG 	TextBox2 loaded 1 chars with 0 blanks and 1 valid
10.3201 	DEBUG 	TextBox2 loaded 1 chars with 0 blanks and 1 valid
10.3204 	DEBUG 	Uploading Texture Font fontname to graphics card
10.3257 	DEBUG 	Upload of Texture Font fontname complete
10.3310 	EXP 	window1: mouseVisible = <method-wrapper '__getattribute__' of attributeSetter object at 0x7fe320f9f4f0>
10.3312 	EXP 	window1: mouseVisible = <method-wrapper '__getattribute__' of attributeSetter object at 0x7fe320f9f4f0>
10.3321 	EXP 	window1: mouseVisible = <method-wrapper '__getattribute__' of attributeSetter object at 0x7fe320f9f4f0>
10.3329 	EXP 	window1: mouseVisible = <method-wrapper '__getattribute__' of attributeSetter object at 0x7fe320f9f4f0>
10.3391 	DEBUG 	TextBox2 loaded 1 chars with 0 blanks and 1 valid
10.3405 	DEBUG 	TextBox2 loaded 1 chars with 0 blanks and 1 valid
10.3418 	DEBUG 	TextBox2 loaded 1 chars with 0 blanks and 1 valid
10.3421 	DEBUG 	Uploading Texture Font fontname to graphics card
10.3455 	DEBUG 	Upload of Texture Font fontname complete
10.3499 	EXP 	window1: Attempting to measure frame rate of screen (0) ...
10.3499 	EXP 	window1: recordFrameIntervals = False
10.5061 	EXP 	window1: recordFrameIntervals = True
11.3396 	WARNING 	Couldn't measure a consistent frame rate!
  - Is your graphics card set to sync to vertical blank?
  - Are you running other processes on your computer?

11.3398 	EXP 	window1: mouseVisible = False
11.3401 	EXP 	window1: mouseVisible = False
11.3404 	EXP 	window1: mouseVisible = False
11.3414 	EXP 	window1: mouseVisible = False
11.3423 	EXP 	window1: mouseVisible = False
11.3494 	DEBUG 	TextBox2 loaded 1 chars with 0 blanks and 1 valid
11.3500 	DEBUG 	TextBox2 loaded 1 chars with 0 blanks and 1 valid
11.3511 	DEBUG 	TextBox2 loaded 1 chars with 0 blanks and 1 valid
11.3527 	DEBUG 	TextBox2 loaded 1 chars with 0 blanks and 1 valid
11.3541 	DEBUG 	TextBox2 loaded 1 chars with 0 blanks and 1 valid
11.3555 	DEBUG 	TextBox2 loaded 1 chars with 0 blanks and 1 valid
11.3561 	DEBUG 	TextBox2 loaded 1 chars with 0 blanks and 1 valid
11.3573 	DEBUG 	TextBox2 loaded 1 chars with 0 blanks and 1 valid
11.3588 	DEBUG 	TextBox2 loaded 1 chars with 0 blanks and 1 valid
11.3601 	DEBUG 	TextBox2 loaded 1 chars with 0 blanks and 1 valid
11.3604 	DEBUG 	Uploading Texture Font fontname to graphics card
11.3641 	DEBUG 	Upload of Texture Font fontname complete
11.3681 	EXP 	window1: mouseVisible = False
11.3683 	EXP 	window1: mouseVisible = False
11.3691 	EXP 	window1: mouseVisible = False
11.3699 	EXP 	window1: mouseVisible = False
11.3927 	WARNING 	launchHubServer: If using the iohub mouse or eyetracker devices, fullScr should be True.
13.8466 	INFO 	keyboard.Keyboard is using iohub backend.
13.8467 	INFO 	keyboard.Keyboard is using iohub backend.
13.8478 	INFO 	keyboard.Keyboard is using iohub backend.
13.8479 	INFO 	keyboard.Keyboard is using iohub backend.
13.8481 	INFO 	keyboard.Keyboard is using iohub backend.
13.8481 	EXP 	experiment: status = STARTED
13.8490 	EXP 	window1: mouseVisible = False
13.9023 	EXP 	Created text_norm = TextStim(__class__=<class 'psychopy.visual.text.TextStim'>, alignHoriz=method-wrapper(...), alignText='center', alignVert=method-wrapper(...), anchorHoriz='center', anchorVert='center', antialias=True, autoDraw=False, autoLog=True, bold=False, color=array([1., 1., 1.]), colorSpace='rgb', contrast=1.0, depth=0.0, draggable=False, flipHoriz=False, flipVert=False, font='Arial', fontFiles=[], height=0.1, italic=False, languageStyle='LTR', name='text_norm', opacity=1.0, ori=0.0, pos=array([0., 0.]), rgb=UNKNOWN, text=str(...), units='norm', win=Window(...), wrapWidth=1.8)
13.9025 	EXP 	window1: mouseVisible = False
13.9062 	EXP 	Created fixation = ShapeStim(__class__=<class 'psychopy.visual.shape.ShapeStim'>, anchor=('center', 'center'), autoDraw=False, autoLog=True, closeShape=True, color=method-wrapper(...), colorSpace='rgb', contrast=None, depth=-1.0, draggable=False, fillColor=array([1, 1, 1]), fillColorSpace='rgb', fillRGB=array([1, 1, 1]), interpolate=True, lineColor=array([1., 1., 1.]), lineColorSpace='rgb', lineRGB=array([1, 1, 1]), lineWidth=1.0, name='fixation', opacity=1.0, ori=0.0, pos=array([0., 0.]), size=array([0.05, 0.05]), units='height', vertices=ndarray(...), win=Window(...), windingRule=None)
13.9733 	EXP 	Sound sound_1 set volume 1.000
13.9735 	EXP 	window1: mouseVisible = False
14.0267 	EXP 	Created image = ImageStim(__class__=<class 'psychopy.visual.image.ImageStim'>, anchor=('center', 'center'), autoLog=True, color=array([1., 1., 1.]), colorSpace='rgb', contrast=1.0, depth=-3.0, draggable=False, flipHoriz=False, flipVert=False, image='response.png', interpolate=True, mask=None, maskParams=None, name='image', opacity=1.0, ori=0.0, pos=array([0., 0.]), size=array([1.2, 0.7]), texRes=128.0, units='height', win=Window(...))
14.0269 	EXP 	window1: mouseVisible = False
14.0350 	EXP 	Created text = TextStim(__class__=<class 'psychopy.visual.text.TextStim'>, alignHoriz=method-wrapper(...), alignText='center', alignVert=method-wrapper(...), anchorHoriz='center', anchorVert='center', antialias=True, autoDraw=False, autoLog=True, bold=False, color=array([1., 1., 1.]), colorSpace='rgb', contrast=1.0, depth=0.0, draggable=False, flipHoriz=False, flipVert=False, font='Arial', fontFiles=[], height=0.05, italic=False, languageStyle='LTR', name='text', opacity=1.0, ori=0.0, pos=array([0., 0.]), rgb=UNKNOWN, text='thank you for particpating.', units='height', win=Window(...), wrapWidth=1)
14.0352 	EXP 	window1: mouseVisible = False
14.0383 	EXP 	Created fixation_2 = ShapeStim(__class__=<class 'psychopy.visual.shape.ShapeStim'>, anchor=('center', 'center'), autoDraw=False, autoLog=True, closeShape=True, color=method-wrapper(...), colorSpace='rgb', contrast=None, depth=-1.0, draggable=False, fillColor=array([1, 1, 1]), fillColorSpace='rgb', fillRGB=array([1, 1, 1]), interpolate=True, lineColor=array([1., 1., 1.]), lineColorSpace='rgb', lineRGB=array([1, 1, 1]), lineWidth=1.0, name='fixation_2', opacity=1.0, ori=0.0, pos=array([0., 0.]), size=array([0.05, 0.05]), units='height', vertices=ndarray(...), win=Window(...), windingRule=None)
14.0394 	EXP 	Sound sound_3 set volume 1.000
14.0395 	EXP 	window1: mouseVisible = False
14.0783 	EXP 	Created image_3 = ImageStim(__class__=<class 'psychopy.visual.image.ImageStim'>, anchor=('center', 'center'), autoLog=True, color=array([1., 1., 1.]), colorSpace='rgb', contrast=1.0, depth=-3.0, draggable=False, flipHoriz=False, flipVert=False, image='response.PNG', interpolate=True, mask=None, maskParams=None, name='image_3', opacity=1.0, ori=0.0, pos=array([0., 0.]), size=array([1.2, 0.7]), texRes=128.0, units='height', win=Window(...))
14.0785 	EXP 	window1: mouseVisible = False
14.0795 	EXP 	Created text_2 = TextStim(__class__=<class 'psychopy.visual.text.TextStim'>, alignHoriz=method-wrapper(...), alignText='center', alignVert=method-wrapper(...), anchorHoriz='center', anchorVert='center', antialias=True, autoDraw=False, autoLog=True, bold=False, color=array([1., 1., 1.]), colorSpace='rgb', contrast=1.0, depth=-1.0, draggable=False, flipHoriz=False, flipVert=False, font='Arial', fontFiles=[], height=0.05, italic=False, languageStyle='LTR', name='text_2', opacity=1.0, ori=0.0, pos=array([0. , 0.4]), rgb=UNKNOWN, text='', units='height', win=Window(...), wrapWidth=1)
14.0796 	EXP 	window1: mouseVisible = False
14.0864 	EXP 	Created image_4 = ImageStim(__class__=<class 'psychopy.visual.image.ImageStim'>, anchor=('center', 'center'), autoLog=True, color=array([1., 1., 1.]), colorSpace='rgb', contrast=1.0, depth=-2.0, draggable=False, flipHoriz=False, flipVert=False, image='default.png', interpolate=True, mask=None, maskParams=None, name='image_4', opacity=1.0, ori=0.0, pos=array([0., 0.]), size=array([1.2, 0.7]), texRes=128.0, units='height', win=Window(...))
14.0865 	EXP 	window1: mouseVisible = False
14.0906 	EXP 	Created fixation_posttest = ShapeStim(__class__=<class 'psychopy.visual.shape.ShapeStim'>, anchor=('center', 'center'), autoDraw=False, autoLog=True, closeShape=True, color=method-wrapper(...), colorSpace='rgb', contrast=None, depth=-1.0, draggable=False, fillColor=array([1, 1, 1]), fillColorSpace='rgb', fillRGB=array([1, 1, 1]), interpolate=True, lineColor=array([1., 1., 1.]), lineColorSpace='rgb', lineRGB=array([1, 1, 1]), lineWidth=1.0, name='fixation_posttest', opacity=1.0, ori=0.0, pos=array([0., 0.]), size=array([0.05, 0.05]), units='height', vertices=ndarray(...), win=Window(...), windingRule=None)
14.0915 	EXP 	Sound sound_2 set volume 1.000
14.0917 	EXP 	window1: mouseVisible = False
14.1271 	EXP 	Created image_2 = ImageStim(__class__=<class 'psychopy.visual.image.ImageStim'>, anchor=('center', 'center'), autoLog=True, color=array([1., 1., 1.]), colorSpace='rgb', contrast=1.0, depth=-3.0, draggable=False, flipHoriz=False, flipVert=False, image='response.PNG', interpolate=True, mask=None, maskParams=None, name='image_2', opacity=1.0, ori=0.0, pos=array([0., 0.]), size=array([1.2, 0.7]), texRes=128.0, units='height', win=Window(...))
0.0081 	EXP 	text_norm: alignText = 'left'
0.0304 	INFO 	Keyboard events cleared
0.0301 	WARNING 	t of last frame was 22.05ms (=1/45)
0.0301 	EXP 	text_norm: autoDraw = True
0.0301 	EXP 	text_norm: height = 0.1
0.0301 	EXP 	text_norm: height = 0.1
0.0301 	EXP 	text_norm: height = 0.1
0.0301 	EXP 	text_norm: text = 'Welcome to the experiment.\n\nPress the spacebar to continue'
2.1457 	WARNING 	t of last frame was 26.07ms (=1/38)
3.0270 	DEBUG 	Read csv file with pandas: test_sounds.csv
3.0287 	DEBUG 	Clearing unnamed columns from test_sounds.csv
3.0295 	EXP 	Imported test_sounds.csv as conditions, 5 conditions, 4 params
3.0303 	EXP 	Created sequence: random, trialTypes=5, nReps=1, seed=None
3.0305 	EXP 	New trial (rep=0, index=0): OrderedDict([('file_path', 'test_stimuli/left_30_1000_test.wav'), ('angle', 30), ('channel', 'left'), ('corrAns', 'x')])
3.0491 	DATA 	Keypress: space
3.0542 	WARNING 	t of last frame was 58.46ms (=1/17)
3.0542 	EXP 	text_norm: autoDraw = False
3.0542 	EXP 	fixation: autoDraw = True
3.5288 	EXP 	Sound sound_1 started
3.5515 	EXP 	fixation: autoDraw = False
3.9884 	EXP 	Sound sound_1 reached end of file
3.9885 	EXP 	Sound sound_1 reached end of file
4.0210 	INFO 	Keyboard events cleared
4.0207 	EXP 	image: autoDraw = True
5.2408 	EXP 	New trial (rep=0, index=1): OrderedDict([('file_path', 'test_stimuli/center_0_1000_test.wav'), ('angle', 0), ('channel', 'center'), ('corrAns', 'c')])
5.2464 	DATA 	Keypress: z
5.2507 	EXP 	fixation: autoDraw = False
5.2507 	EXP 	image: autoDraw = False
5.2507 	EXP 	fixation: autoDraw = True
5.7459 	EXP 	Sound sound_1 started
5.7458 	EXP 	fixation: autoDraw = False
6.2056 	EXP 	Sound sound_1 reached end of file
6.2056 	EXP 	Sound sound_1 reached end of file
6.2366 	INFO 	Keyboard events cleared
6.2364 	EXP 	image: autoDraw = True
6.3907 	EXP 	New trial (rep=0, index=2): OrderedDict([('file_path', 'test_stimuli/left_90_1000_test.wav'), ('angle', 90), ('channel', 'left'), ('corrAns', 'z')])
6.3989 	DATA 	Keypress: x
6.4024 	EXP 	fixation: autoDraw = False
6.4024 	EXP 	image: autoDraw = False
6.4024 	EXP 	fixation: autoDraw = True
6.8955 	EXP 	Sound sound_1 started
6.8958 	EXP 	fixation: autoDraw = False
7.3552 	EXP 	Sound sound_1 reached end of file
7.3553 	EXP 	Sound sound_1 reached end of file
7.3861 	INFO 	Keyboard events cleared
7.3858 	EXP 	image: autoDraw = True
7.5169 	EXP 	New trial (rep=0, index=3): OrderedDict([('file_path', 'test_stimuli/right_30_1000_test.wav'), ('angle', 30), ('channel', 'right'), ('corrAns', 'v')])
7.5215 	DATA 	Keypress: c
7.5253 	EXP 	fixation: autoDraw = False
7.5253 	EXP 	image: autoDraw = False
7.5253 	EXP 	fixation: autoDraw = True
8.0198 	EXP 	Sound sound_1 started
8.0187 	EXP 	fixation: autoDraw = False
8.4820 	EXP 	Sound sound_1 reached end of file
8.4820 	EXP 	Sound sound_1 reached end of file
8.5130 	INFO 	Keyboard events cleared
8.5127 	EXP 	image: autoDraw = True
8.6570 	EXP 	New trial (rep=0, index=4): OrderedDict([('file_path', 'test_stimuli/right_90_1000_test.wav'), ('angle', 90), ('channel', 'right'), ('corrAns', 'b')])
8.6632 	DATA 	Keypress: v
8.6675 	EXP 	fixation: autoDraw = False
8.6675 	EXP 	image: autoDraw = False
8.6675 	EXP 	fixation: autoDraw = True
9.1626 	EXP 	Sound sound_1 started
9.1627 	EXP 	fixation: autoDraw = False
9.6220 	EXP 	Sound sound_1 reached end of file
9.6221 	EXP 	Sound sound_1 reached end of file
9.6529 	INFO 	Keyboard events cleared
9.6526 	EXP 	image: autoDraw = True
9.8702 	DATA 	Keypress: b
9.8743 	EXP 	fixation: autoDraw = False
9.8743 	EXP 	image: autoDraw = False
9.8743 	EXP 	text: autoDraw = True
11.8663 	EXP 	Created sequence: random, trialTypes=1, nReps=0, seed=None
11.8666 	EXP 	Created sequence: random, trialTypes=1, nReps=0, seed=None
11.8702 	EXP 	text: autoDraw = False
11.8702 	EXP 	text: autoDraw = False
11.8730 	EXP 	experiment: status = STOPPED
11.8770 	INFO 	saved data to '/Users/pushkarsingh/Documents/01 University/01 Ratnam Lab /HRTF Cue/data/nmnmn_experiment_2024-12-03_17h56.26.650.csv'
11.8776 	INFO 	saved data to /Users/pushkarsingh/Documents/01 University/01 Ratnam Lab /HRTF Cue/data/nmnmn_experiment_2024-12-03_17h56.26.650.psydat
11.8960 	WARNING 	t of last frame was 25.79ms (=1/38)
11.9068 	EXP 	window1: mouseVisible = True
12.3365 	DEBUG 	Saving data for experiment ExperimentHandler
