19.6956 	INFO 	Loaded monitor calibration from ['2024_08_09 13:47']
19.7085 	WARNING 	User requested fullscreen with size [1920 1080], but screen is actually [1440, 900]. Using actual size
20.0564 	EXP 	Created window1 = Window(allowGUI=True, allowStencil=False, autoLog=True, backendConf=UNKNOWN, backgroundFit=<method-wrapper '__getattribute__' of attributeSetter object at 0x7fb80c6ab700>, backgroundImage=<method-wrapper '__getattribute__' of attributeSetter object at 0x7fb80c6ab6a0>, bitsMode=UNKNOWN, blendMode='avg', bpc=(8, 8, 8), color=array([0, 0, 0]), colorSpace='rgb', depthBits=8, fullscr=<method-wrapper '__getattribute__' of attributeSetter object at 0x7fb80c6ab490>, gamma=None, gammaErrorPolicy='raise', infoMsg=UNKNOWN, lms=UNKNOWN, monitor=<psychopy.monitors.calibTools.Monitor object at 0x7fb81ae610a0>, multiSample=False, name='window1', numSamples=2, pos=[360.0, 225.0], screen=0, size=array([2880, 1800]), stencilBits=0, stereo=False, title='PsychoPy', units='height', useFBO=True, useRetina=True, viewOri=0.0, viewPos=None, viewScale=None, waitBlanking=True, winType='pyglet')
20.0565 	EXP 	window1: backgroundImage = ''
20.0565 	EXP 	window1: backgroundFit = 'none'
20.0568 	EXP 	window1: mouseVisible = <method-wrapper '__getattribute__' of attributeSetter object at 0x7fb80c6ab820>
20.0571 	EXP 	window1: mouseVisible = <method-wrapper '__getattribute__' of attributeSetter object at 0x7fb80c6ab820>
20.0610 	EXP 	window1: mouseVisible = <method-wrapper '__getattribute__' of attributeSetter object at 0x7fb80c6ab820>
20.0619 	EXP 	window1: mouseVisible = <method-wrapper '__getattribute__' of attributeSetter object at 0x7fb80c6ab820>
20.1198 	EXP 	window1: mouseVisible = <method-wrapper '__getattribute__' of attributeSetter object at 0x7fb80c6ab820>
20.1200 	EXP 	window1: mouseVisible = <method-wrapper '__getattribute__' of attributeSetter object at 0x7fb80c6ab820>
20.1209 	EXP 	window1: mouseVisible = <method-wrapper '__getattribute__' of attributeSetter object at 0x7fb80c6ab820>
20.1217 	EXP 	window1: mouseVisible = <method-wrapper '__getattribute__' of attributeSetter object at 0x7fb80c6ab820>
20.1422 	EXP 	window1: Attempting to measure frame rate of screen (0) ...
20.1422 	EXP 	window1: recordFrameIntervals = False
20.3590 	EXP 	window1: recordFrameIntervals = True
20.6502 	EXP 	Screen (0) actual frame rate measured at 118.99Hz
20.6502 	EXP 	window1: recordFrameIntervals = False
20.6512 	EXP 	window1: mouseVisible = False
24.4104 	INFO 	keyboard.Keyboard is using iohub backend.
24.4105 	INFO 	keyboard.Keyboard is using iohub backend.
24.4119 	INFO 	keyboard.Keyboard is using iohub backend.
24.4120 	INFO 	keyboard.Keyboard is using iohub backend.
24.4122 	INFO 	keyboard.Keyboard is using iohub backend.
24.4122 	EXP 	experiment: status = STARTED
24.4133 	EXP 	window1: mouseVisible = False
24.4856 	EXP 	Created text_norm = TextStim(__class__=<class 'psychopy.visual.text.TextStim'>, alignHoriz=method-wrapper(...), alignText='center', alignVert=method-wrapper(...), anchorHoriz='center', anchorVert='center', antialias=True, autoDraw=False, autoLog=True, bold=False, color=array([1., 1., 1.]), colorSpace='rgb', contrast=1.0, depth=0.0, draggable=False, flipHoriz=False, flipVert=False, font='Arial', fontFiles=[], height=0.1, italic=False, languageStyle='LTR', name='text_norm', opacity=1.0, ori=0.0, pos=array([0., 0.]), rgb=UNKNOWN, text=str(...), units='norm', win=Window(...), wrapWidth=1.8)
24.4858 	EXP 	window1: mouseVisible = False
24.4901 	EXP 	Created fixation = ShapeStim(__class__=<class 'psychopy.visual.shape.ShapeStim'>, anchor=('center', 'center'), autoDraw=False, autoLog=True, closeShape=True, color=method-wrapper(...), colorSpace='rgb', contrast=None, depth=-1.0, draggable=False, fillColor=array([1, 1, 1]), fillColorSpace='rgb', fillRGB=array([1, 1, 1]), interpolate=True, lineColor=array([1., 1., 1.]), lineColorSpace='rgb', lineRGB=array([1, 1, 1]), lineWidth=1.0, name='fixation', opacity=1.0, ori=0.0, pos=array([0., 0.]), size=array([0.05, 0.05]), units='height', vertices=ndarray(...), win=Window(...), windingRule=None)
25.3265 	EXP 	Sound sound_1 set volume 1.000
25.3268 	EXP 	window1: mouseVisible = False
25.3619 	EXP 	Created image = ImageStim(__class__=<class 'psychopy.visual.image.ImageStim'>, anchor=('center', 'center'), autoLog=True, color=array([1., 1., 1.]), colorSpace='rgb', contrast=1.0, depth=-3.0, draggable=False, flipHoriz=False, flipVert=False, image='response.PNG', interpolate=True, mask=None, maskParams=None, name='image', opacity=1.0, ori=0.0, pos=array([0., 0.]), size=array([1.2, 0.7]), texRes=128.0, units='height', win=Window(...))
25.3620 	EXP 	window1: mouseVisible = False
25.3704 	EXP 	Created text = TextStim(__class__=<class 'psychopy.visual.text.TextStim'>, alignHoriz=method-wrapper(...), alignText='center', alignVert=method-wrapper(...), anchorHoriz='center', anchorVert='center', antialias=True, autoDraw=False, autoLog=True, bold=False, color=array([1., 1., 1.]), colorSpace='rgb', contrast=1.0, depth=0.0, draggable=False, flipHoriz=False, flipVert=False, font='Arial', fontFiles=[], height=0.05, italic=False, languageStyle='LTR', name='text', opacity=1.0, ori=0.0, pos=array([0., 0.]), rgb=UNKNOWN, text='we are in the training module now.', units='height', win=Window(...), wrapWidth=1)
25.3705 	EXP 	window1: mouseVisible = False
25.3747 	EXP 	Created fixation_2 = ShapeStim(__class__=<class 'psychopy.visual.shape.ShapeStim'>, anchor=('center', 'center'), autoDraw=False, autoLog=True, closeShape=True, color=method-wrapper(...), colorSpace='rgb', contrast=None, depth=-1.0, draggable=False, fillColor=array([1, 1, 1]), fillColorSpace='rgb', fillRGB=array([1, 1, 1]), interpolate=True, lineColor=array([1., 1., 1.]), lineColorSpace='rgb', lineRGB=array([1, 1, 1]), lineWidth=1.0, name='fixation_2', opacity=1.0, ori=0.0, pos=array([0., 0.]), size=array([0.05, 0.05]), units='height', vertices=ndarray(...), win=Window(...), windingRule=None)
25.3757 	EXP 	Sound sound_3 set volume 1.000
25.3758 	EXP 	window1: mouseVisible = False
25.3875 	EXP 	Created image_3 = ImageStim(__class__=<class 'psychopy.visual.image.ImageStim'>, anchor=('center', 'center'), autoLog=True, color=array([1., 1., 1.]), colorSpace='rgb', contrast=1.0, depth=-3.0, draggable=False, flipHoriz=False, flipVert=False, image='response.PNG', interpolate=True, mask=None, maskParams=None, name='image_3', opacity=1.0, ori=0.0, pos=array([0., 0.]), size=array([1.2, 0.7]), texRes=128.0, units='height', win=Window(...))
25.3876 	EXP 	window1: mouseVisible = False
25.3886 	EXP 	Created text_2 = TextStim(__class__=<class 'psychopy.visual.text.TextStim'>, alignHoriz=method-wrapper(...), alignText='center', alignVert=method-wrapper(...), anchorHoriz='center', anchorVert='center', antialias=True, autoDraw=False, autoLog=True, bold=False, color=array([1., 1., 1.]), colorSpace='rgb', contrast=1.0, depth=-1.0, draggable=False, flipHoriz=False, flipVert=False, font='Arial', fontFiles=[], height=0.05, italic=False, languageStyle='LTR', name='text_2', opacity=1.0, ori=0.0, pos=array([0. , 0.4]), rgb=UNKNOWN, text='', units='height', win=Window(...), wrapWidth=1)
25.3887 	EXP 	window1: mouseVisible = False
25.3951 	EXP 	Created image_4 = ImageStim(__class__=<class 'psychopy.visual.image.ImageStim'>, anchor=('center', 'center'), autoLog=True, color=array([1., 1., 1.]), colorSpace='rgb', contrast=1.0, depth=-2.0, draggable=False, flipHoriz=False, flipVert=False, image='default.png', interpolate=True, mask=None, maskParams=None, name='image_4', opacity=1.0, ori=0.0, pos=array([0., 0.]), size=array([1.2, 0.7]), texRes=128.0, units='height', win=Window(...))
25.3953 	EXP 	window1: mouseVisible = False
25.3984 	EXP 	Created fixation_posttest = ShapeStim(__class__=<class 'psychopy.visual.shape.ShapeStim'>, anchor=('center', 'center'), autoDraw=False, autoLog=True, closeShape=True, color=method-wrapper(...), colorSpace='rgb', contrast=None, depth=-1.0, draggable=False, fillColor=array([1, 1, 1]), fillColorSpace='rgb', fillRGB=array([1, 1, 1]), interpolate=True, lineColor=array([1., 1., 1.]), lineColorSpace='rgb', lineRGB=array([1, 1, 1]), lineWidth=1.0, name='fixation_posttest', opacity=1.0, ori=0.0, pos=array([0., 0.]), size=array([0.05, 0.05]), units='height', vertices=ndarray(...), win=Window(...), windingRule=None)
25.3994 	EXP 	Sound sound_2 set volume 1.000
25.3995 	EXP 	window1: mouseVisible = False
25.4104 	EXP 	Created image_2 = ImageStim(__class__=<class 'psychopy.visual.image.ImageStim'>, anchor=('center', 'center'), autoLog=True, color=array([1., 1., 1.]), colorSpace='rgb', contrast=1.0, depth=-3.0, draggable=False, flipHoriz=False, flipVert=False, image='response.PNG', interpolate=True, mask=None, maskParams=None, name='image_2', opacity=1.0, ori=0.0, pos=array([0., 0.]), size=array([1.2, 0.7]), texRes=128.0, units='height', win=Window(...))
0.0145 	EXP 	text_norm: alignText = 'left'
0.0344 	INFO 	Keyboard events cleared
0.0341 	EXP 	text_norm: autoDraw = True
0.0341 	EXP 	text_norm: height = 0.1
0.0341 	EXP 	text_norm: height = 0.1
0.0341 	EXP 	text_norm: height = 0.1
0.0341 	EXP 	text_norm: text = 'Welcome to the experiment.\n\nPress the spacebar to continue'
2.0130 	EXP 	Imported sounds_log.csv as conditions, 12 conditions, 3 params
2.0160 	EXP 	Created sequence: random, trialTypes=12, nReps=1, seed=None
2.0163 	EXP 	New trial (rep=0, index=0): OrderedDict([('sound_file_name', 'final_pure_tone_90_left.wav'), ('Angle', 90), ('Channel', 'Left')])
2.0547 	DATA 	Keypress: space
2.0621 	EXP 	text_norm: autoDraw = False
2.0621 	EXP 	fixation: autoDraw = True
2.4990 	EXP 	Sound sound_1 started
2.5534 	EXP 	fixation: autoDraw = False
2.9605 	EXP 	Sound sound_1 reached end of file
2.9607 	EXP 	Sound sound_1 reached end of file
2.9826 	EXP 	Sound sound_1 reached end of file
2.9827 	EXP 	Sound sound_1 reached end of file
2.9997 	INFO 	Keyboard events cleared
2.9991 	EXP 	image: autoDraw = True
5.1012 	EXP 	window1: mouseVisible = True
5.1044 	INFO 	saved data to /Users/pushkarsingh/Documents/01 University/01 Ratnam Lab /HRTF Cue/data/nmnmnmnm_experiment_2024-11-17_14h12.54.224.psydat
5.1052 	INFO 	saved data to '/Users/pushkarsingh/Documents/01 University/01 Ratnam Lab /HRTF Cue/data/nmnmnmnm_experiment_2024-11-17_14h12.54.224.csv'
