13.4861 	INFO 	Loaded monitor calibration from ['2024_08_09 13:47']
13.4989 	WARNING 	User requested fullscreen with size [1920 1080], but screen is actually [1440, 900]. Using actual size
13.7672 	EXP 	Created window1 = Window(allowGUI=True, allowStencil=False, autoLog=True, backendConf=UNKNOWN, backgroundFit=<method-wrapper '__getattribute__' of attributeSetter object at 0x7ff219809580>, backgroundImage=<method-wrapper '__getattribute__' of attributeSetter object at 0x7ff219809520>, bitsMode=UNKNOWN, blendMode='avg', bpc=(8, 8, 8), color=array([0, 0, 0]), colorSpace='rgb', depthBits=8, fullscr=<method-wrapper '__getattribute__' of attributeSetter object at 0x7ff219809340>, gamma=None, gammaErrorPolicy='raise', infoMsg=UNKNOWN, lms=UNKNOWN, monitor=<psychopy.monitors.calibTools.Monitor object at 0x7ff209d7ee80>, multiSample=False, name='window1', numSamples=2, pos=[360.0, 225.0], screen=0, size=array([2880, 1800]), stencilBits=0, stereo=False, title='PsychoPy', units='height', useFBO=True, useRetina=True, viewOri=0.0, viewPos=None, viewScale=None, waitBlanking=True, winType='pyglet')
13.7673 	EXP 	window1: backgroundImage = ''
13.7673 	EXP 	window1: backgroundFit = 'none'
13.7676 	EXP 	window1: mouseVisible = <method-wrapper '__getattribute__' of attributeSetter object at 0x7ff2198096a0>
13.7679 	EXP 	window1: mouseVisible = <method-wrapper '__getattribute__' of attributeSetter object at 0x7ff2198096a0>
13.7720 	EXP 	window1: mouseVisible = <method-wrapper '__getattribute__' of attributeSetter object at 0x7ff2198096a0>
13.7728 	EXP 	window1: mouseVisible = <method-wrapper '__getattribute__' of attributeSetter object at 0x7ff2198096a0>
13.8228 	EXP 	window1: mouseVisible = <method-wrapper '__getattribute__' of attributeSetter object at 0x7ff2198096a0>
13.8230 	EXP 	window1: mouseVisible = <method-wrapper '__getattribute__' of attributeSetter object at 0x7ff2198096a0>
13.8239 	EXP 	window1: mouseVisible = <method-wrapper '__getattribute__' of attributeSetter object at 0x7ff2198096a0>
13.8247 	EXP 	window1: mouseVisible = <method-wrapper '__getattribute__' of attributeSetter object at 0x7ff2198096a0>
13.8452 	EXP 	window1: Attempting to measure frame rate of screen (0) ...
13.8452 	EXP 	window1: recordFrameIntervals = False
14.0542 	EXP 	window1: recordFrameIntervals = True
14.4037 	EXP 	Screen (0) actual frame rate measured at 120.02Hz
14.4038 	EXP 	window1: recordFrameIntervals = False
14.4053 	EXP 	window1: mouseVisible = False
16.8824 	INFO 	keyboard.Keyboard is using iohub backend.
16.8825 	INFO 	keyboard.Keyboard is using iohub backend.
16.8837 	INFO 	keyboard.Keyboard is using iohub backend.
16.8838 	INFO 	keyboard.Keyboard is using iohub backend.
16.8840 	INFO 	keyboard.Keyboard is using iohub backend.
16.8841 	EXP 	experiment: status = STARTED
16.8853 	EXP 	window1: mouseVisible = False
16.9392 	EXP 	Created text_norm = TextStim(__class__=<class 'psychopy.visual.text.TextStim'>, alignHoriz=method-wrapper(...), alignText='center', alignVert=method-wrapper(...), anchorHoriz='center', anchorVert='center', antialias=True, autoDraw=False, autoLog=True, bold=False, color=array([1., 1., 1.]), colorSpace='rgb', contrast=1.0, depth=0.0, draggable=False, flipHoriz=False, flipVert=False, font='Arial', fontFiles=[], height=0.1, italic=False, languageStyle='LTR', name='text_norm', opacity=1.0, ori=0.0, pos=array([0., 0.]), rgb=UNKNOWN, text=str(...), units='norm', win=Window(...), wrapWidth=1.8)
16.9395 	EXP 	window1: mouseVisible = False
16.9431 	EXP 	Created fixation = ShapeStim(__class__=<class 'psychopy.visual.shape.ShapeStim'>, anchor=('center', 'center'), autoDraw=False, autoLog=True, closeShape=True, color=method-wrapper(...), colorSpace='rgb', contrast=None, depth=-1.0, draggable=False, fillColor=array([1, 1, 1]), fillColorSpace='rgb', fillRGB=array([1, 1, 1]), interpolate=True, lineColor=array([1., 1., 1.]), lineColorSpace='rgb', lineRGB=array([1, 1, 1]), lineWidth=1.0, name='fixation', opacity=1.0, ori=0.0, pos=array([0., 0.]), size=array([0.05, 0.05]), units='height', vertices=ndarray(...), win=Window(...), windingRule=None)
17.0226 	EXP 	Sound sound_1 set volume 1.000
17.0228 	EXP 	window1: mouseVisible = False
17.0454 	EXP 	Created image = ImageStim(__class__=<class 'psychopy.visual.image.ImageStim'>, anchor=('center', 'center'), autoLog=True, color=array([1., 1., 1.]), colorSpace='rgb', contrast=1.0, depth=-3.0, draggable=False, flipHoriz=False, flipVert=False, image='response.PNG', interpolate=True, mask=None, maskParams=None, name='image', opacity=1.0, ori=0.0, pos=array([0., 0.]), size=array([1.2, 0.7]), texRes=128.0, units='height', win=Window(...))
17.0455 	EXP 	window1: mouseVisible = False
17.0534 	EXP 	Created text = TextStim(__class__=<class 'psychopy.visual.text.TextStim'>, alignHoriz=method-wrapper(...), alignText='center', alignVert=method-wrapper(...), anchorHoriz='center', anchorVert='center', antialias=True, autoDraw=False, autoLog=True, bold=False, color=array([1., 1., 1.]), colorSpace='rgb', contrast=1.0, depth=0.0, draggable=False, flipHoriz=False, flipVert=False, font='Arial', fontFiles=[], height=0.05, italic=False, languageStyle='LTR', name='text', opacity=1.0, ori=0.0, pos=array([0., 0.]), rgb=UNKNOWN, text='thank you for particpating.', units='height', win=Window(...), wrapWidth=1)
17.0535 	EXP 	window1: mouseVisible = False
17.0567 	EXP 	Created fixation_2 = ShapeStim(__class__=<class 'psychopy.visual.shape.ShapeStim'>, anchor=('center', 'center'), autoDraw=False, autoLog=True, closeShape=True, color=method-wrapper(...), colorSpace='rgb', contrast=None, depth=-1.0, draggable=False, fillColor=array([1, 1, 1]), fillColorSpace='rgb', fillRGB=array([1, 1, 1]), interpolate=True, lineColor=array([1., 1., 1.]), lineColorSpace='rgb', lineRGB=array([1, 1, 1]), lineWidth=1.0, name='fixation_2', opacity=1.0, ori=0.0, pos=array([0., 0.]), size=array([0.05, 0.05]), units='height', vertices=ndarray(...), win=Window(...), windingRule=None)
17.0577 	EXP 	Sound sound_3 set volume 1.000
17.0578 	EXP 	window1: mouseVisible = False
17.0689 	EXP 	Created image_3 = ImageStim(__class__=<class 'psychopy.visual.image.ImageStim'>, anchor=('center', 'center'), autoLog=True, color=array([1., 1., 1.]), colorSpace='rgb', contrast=1.0, depth=-3.0, draggable=False, flipHoriz=False, flipVert=False, image='response.PNG', interpolate=True, mask=None, maskParams=None, name='image_3', opacity=1.0, ori=0.0, pos=array([0., 0.]), size=array([1.2, 0.7]), texRes=128.0, units='height', win=Window(...))
17.0691 	EXP 	window1: mouseVisible = False
17.0701 	EXP 	Created text_2 = TextStim(__class__=<class 'psychopy.visual.text.TextStim'>, alignHoriz=method-wrapper(...), alignText='center', alignVert=method-wrapper(...), anchorHoriz='center', anchorVert='center', antialias=True, autoDraw=False, autoLog=True, bold=False, color=array([1., 1., 1.]), colorSpace='rgb', contrast=1.0, depth=-1.0, draggable=False, flipHoriz=False, flipVert=False, font='Arial', fontFiles=[], height=0.05, italic=False, languageStyle='LTR', name='text_2', opacity=1.0, ori=0.0, pos=array([0. , 0.4]), rgb=UNKNOWN, text='', units='height', win=Window(...), wrapWidth=1)
17.0701 	EXP 	window1: mouseVisible = False
17.0764 	EXP 	Created image_4 = ImageStim(__class__=<class 'psychopy.visual.image.ImageStim'>, anchor=('center', 'center'), autoLog=True, color=array([1., 1., 1.]), colorSpace='rgb', contrast=1.0, depth=-2.0, draggable=False, flipHoriz=False, flipVert=False, image='default.png', interpolate=True, mask=None, maskParams=None, name='image_4', opacity=1.0, ori=0.0, pos=array([0., 0.]), size=array([1.2, 0.7]), texRes=128.0, units='height', win=Window(...))
17.0765 	EXP 	window1: mouseVisible = False
17.0795 	EXP 	Created fixation_posttest = ShapeStim(__class__=<class 'psychopy.visual.shape.ShapeStim'>, anchor=('center', 'center'), autoDraw=False, autoLog=True, closeShape=True, color=method-wrapper(...), colorSpace='rgb', contrast=None, depth=-1.0, draggable=False, fillColor=array([1, 1, 1]), fillColorSpace='rgb', fillRGB=array([1, 1, 1]), interpolate=True, lineColor=array([1., 1., 1.]), lineColorSpace='rgb', lineRGB=array([1, 1, 1]), lineWidth=1.0, name='fixation_posttest', opacity=1.0, ori=0.0, pos=array([0., 0.]), size=array([0.05, 0.05]), units='height', vertices=ndarray(...), win=Window(...), windingRule=None)
17.0805 	EXP 	Sound sound_2 set volume 1.000
17.0806 	EXP 	window1: mouseVisible = False
17.0910 	EXP 	Created image_2 = ImageStim(__class__=<class 'psychopy.visual.image.ImageStim'>, anchor=('center', 'center'), autoLog=True, color=array([1., 1., 1.]), colorSpace='rgb', contrast=1.0, depth=-3.0, draggable=False, flipHoriz=False, flipVert=False, image='response.PNG', interpolate=True, mask=None, maskParams=None, name='image_2', opacity=1.0, ori=0.0, pos=array([0., 0.]), size=array([1.2, 0.7]), texRes=128.0, units='height', win=Window(...))
0.0137 	EXP 	text_norm: alignText = 'left'
0.0282 	INFO 	Keyboard events cleared
0.0278 	EXP 	text_norm: autoDraw = True
0.0278 	EXP 	text_norm: height = 0.1
0.0278 	EXP 	text_norm: height = 0.1
0.0278 	EXP 	text_norm: height = 0.1
0.0278 	EXP 	text_norm: text = 'Welcome to the experiment.\n\nPress the spacebar to continue'
4.4003 	EXP 	Imported sounds_log.csv as conditions, 12 conditions, 3 params
4.4016 	EXP 	Created sequence: random, trialTypes=12, nReps=20, seed=None
4.4019 	EXP 	New trial (rep=0, index=0): OrderedDict([('sound_file_name', 'final_pure_tone_30_right.wav'), ('Angle', 30), ('Channel', 'Right')])
4.4233 	DATA 	Keypress: space
4.4301 	EXP 	text_norm: autoDraw = False
4.4301 	EXP 	fixation: autoDraw = True
4.8964 	EXP 	Sound sound_1 started
4.9200 	EXP 	fixation: autoDraw = False
5.3560 	EXP 	Sound sound_1 reached end of file
5.3561 	EXP 	Sound sound_1 reached end of file
5.3913 	INFO 	Keyboard events cleared
5.3910 	EXP 	image: autoDraw = True
59.6523 	DATA 	Keypress: space
63.1014 	EXP 	New trial (rep=0, index=1): OrderedDict([('sound_file_name', 'final_white_noise_90_left.wav'), ('Angle', 90), ('Channel', 'Left')])
63.1071 	DATA 	Keypress: c
63.1128 	EXP 	fixation: autoDraw = False
63.1128 	EXP 	image: autoDraw = False
63.1128 	EXP 	fixation: autoDraw = True
63.6067 	EXP 	Sound sound_1 started
63.6052 	EXP 	fixation: autoDraw = False
64.0661 	EXP 	Sound sound_1 reached end of file
64.0662 	EXP 	Sound sound_1 reached end of file
64.0990 	INFO 	Keyboard events cleared
64.0982 	EXP 	image: autoDraw = True
75.3510 	EXP 	New trial (rep=0, index=2): OrderedDict([('sound_file_name', 'final_white_noise_30_right.wav'), ('Angle', 30), ('Channel', 'Right')])
75.3566 	DATA 	Keypress: x
75.3623 	EXP 	fixation: autoDraw = False
75.3623 	EXP 	image: autoDraw = False
75.3623 	EXP 	fixation: autoDraw = True
75.8571 	EXP 	Sound sound_1 started
75.8553 	EXP 	fixation: autoDraw = False
76.3165 	EXP 	Sound sound_1 reached end of file
76.3166 	EXP 	Sound sound_1 reached end of file
76.3496 	INFO 	Keyboard events cleared
76.3491 	EXP 	image: autoDraw = True
76.8705 	DATA 	Keypress: escape
76.9845 	EXP 	experiment: status = STOPPED
76.9903 	EXP 	image: autoDraw = False
76.9903 	EXP 	experiment: status = STOPPED
76.9929 	INFO 	saved data to '/Users/pushkarsingh/Documents/01 University/01 Ratnam Lab /HRTF Cue/data/participant01_experiment_2024-11-17_14h24.00.726.csv'
76.9945 	INFO 	saved data to /Users/pushkarsingh/Documents/01 University/01 Ratnam Lab /HRTF Cue/data/participant01_experiment_2024-11-17_14h24.00.726.psydat
77.0186 	EXP 	window1: mouseVisible = True
